Arguments: 
  C:\Program Files\nodejs\node.exe C:\Users\atik\AppData\Roaming\npm\node_modules\yarn\bin\yarn.js add --dev @lwc/wire-services

PATH: 
  C:\Windows\system32;C:\Windows;C:\Windows\System32\Wbem;C:\Windows\System32\WindowsPowerShell\v1.0\;C:\Windows\System32\OpenSSH\;C:\Program Files\Git\cmd;C:\Users\atik\AppData\Programs\Python\Python310;C:\Users\atik\AppData\Programs\Python\Python310\Scripts;C:\Program Files (x86)\ZeroTier\One\;C:\Program Files\nodejs\;C:\Users\atik\AppData\Local\Microsoft\WindowsApps;C:\Users\atik\AppData\Local\Programs\Microsoft VS Code\bin;C:\Users\atik\AppData\Local\GitHubDesktop\bin;C:\Users\atik\AppData\Local\Programs\Microsoft VS Code Insiders\bin;D:\apps\coder_0.8.14_windows_amd64;D:\apps\jdk-17.0.3.1\bin;C:\Program Files\sfdx\bin;C:\Users\atik\AppData\Roaming\npm

Yarn version: 
  1.22.19

Node version: 
  16.16.0

Platform: 
  win32 x64

Trace: 
  Error: https://registry.yarnpkg.com/@lwc%2fwire-services: Not found
      at Request.params.callback [as _callback] (C:\Users\atik\AppData\Roaming\npm\node_modules\yarn\lib\cli.js:66145:18)
      at Request.self.callback (C:\Users\atik\AppData\Roaming\npm\node_modules\yarn\lib\cli.js:140890:22)
      at Request.emit (node:events:527:28)
      at Request.<anonymous> (C:\Users\atik\AppData\Roaming\npm\node_modules\yarn\lib\cli.js:141862:10)
      at Request.emit (node:events:527:28)
      at IncomingMessage.<anonymous> (C:\Users\atik\AppData\Roaming\npm\node_modules\yarn\lib\cli.js:141784:12)
      at Object.onceWrapper (node:events:641:28)
      at IncomingMessage.emit (node:events:539:35)
      at endReadableNT (node:internal/streams/readable:1345:12)
      at processTicksAndRejections (node:internal/process/task_queues:83:21)

npm manifest: 
  {
    "name": "@lwc-components/lwc-test1",
    "version": "1.0.5",
    "description": "",
    "main": "index.js",
    "publishConfig": {
      "access": "public"
    },
    "scripts": {
      "build": "rollup -c --environment production",
      "start": "serve",
      "dev": "run-p --race start watch",
      "autopublish": "npx auto-version && npm run-script build",
      "watch": "rollup -c --watch"
    },
    "devDependencies": {
      "@lwc/compiler": "^1.0.0",
      "@lwc/engine": "^1.0.0",
      "@lwc/engine-dom": "^2.32.1",
      "@lwc/rollup-plugin": "^2.32.1",
      "@lwc/synthetic-shadow": "^2.32.1",
      "@rollup/plugin-replace": "^4.0.0",
      "rollup": "^2.79.0"
    },
    "lwc": {
      "modules": [
        {
          "dir": "modules"
        }
      ]
    },
    "volta": {
      "node": "16.17.0",
      "yarn": "1.22.19"
    },
    "author": "Atikur Rabbi",
    "license": "ISC"
  }

yarn manifest: 
  No manifest

Lockfile: 
  # THIS IS AN AUTOGENERATED FILE. DO NOT EDIT THIS FILE DIRECTLY.
  # yarn lockfile v1
  
  
  "@babel/code-frame@^7.10.4", "@babel/code-frame@^7.18.6":
    version "7.18.6"
    resolved "https://registry.yarnpkg.com/@babel/code-frame/-/code-frame-7.18.6.tgz#3b25d38c89600baa2dcc219edfa88a74eb2c427a"
    integrity sha512-TDCmlK5eOvH+eH7cdAFlNXeVJqWIQ7gW9tY1GJIpUtFb6CmjVyq2VM3u71bOyR8CRihcCgMUYoDNyLXao3+70Q==
    dependencies:
      "@babel/highlight" "^7.18.6"
  
  "@babel/compat-data@^7.13.11", "@babel/compat-data@^7.14.7", "@babel/compat-data@^7.20.0":
    version "7.20.5"
    resolved "https://registry.yarnpkg.com/@babel/compat-data/-/compat-data-7.20.5.tgz#86f172690b093373a933223b4745deeb6049e733"
    integrity sha512-KZXo2t10+/jxmkhNXc7pZTqRvSOIvVv/+lJwHS+B2rErwOyjuVRh60yVpb7liQ1U5t7lLJ1bz+t8tSypUZdm0g==
  
  "@babel/core@~7.11.6":
    version "7.11.6"
    resolved "https://registry.yarnpkg.com/@babel/core/-/core-7.11.6.tgz#3a9455dc7387ff1bac45770650bc13ba04a15651"
    integrity sha512-Wpcv03AGnmkgm6uS6k8iwhIwTrcP0m17TL1n1sy7qD0qelDu4XNeW0dN0mHfa+Gei211yDaLoEe/VlbXQzM4Bg==
    dependencies:
      "@babel/code-frame" "^7.10.4"
      "@babel/generator" "^7.11.6"
      "@babel/helper-module-transforms" "^7.11.0"
      "@babel/helpers" "^7.10.4"
      "@babel/parser" "^7.11.5"
      "@babel/template" "^7.10.4"
      "@babel/traverse" "^7.11.5"
      "@babel/types" "^7.11.5"
      convert-source-map "^1.7.0"
      debug "^4.1.0"
      gensync "^1.0.0-beta.1"
      json5 "^2.1.2"
      lodash "^4.17.19"
      resolve "^1.3.2"
      semver "^5.4.1"
      source-map "^0.5.0"
  
  "@babel/generator@^7.11.6", "@babel/generator@^7.20.5":
    version "7.20.5"
    resolved "https://registry.yarnpkg.com/@babel/generator/-/generator-7.20.5.tgz#cb25abee3178adf58d6814b68517c62bdbfdda95"
    integrity sha512-jl7JY2Ykn9S0yj4DQP82sYvPU+T3g0HFcWTqDLqiuA9tGRNIj9VfbtXGAYTTkyNEnQk1jkMGOdYka8aG/lulCA==
    dependencies:
      "@babel/types" "^7.20.5"
      "@jridgewell/gen-mapping" "^0.3.2"
      jsesc "^2.5.1"
  
  "@babel/helper-annotate-as-pure@^7.15.4", "@babel/helper-annotate-as-pure@^7.18.6":
    version "7.18.6"
    resolved "https://registry.yarnpkg.com/@babel/helper-annotate-as-pure/-/helper-annotate-as-pure-7.18.6.tgz#eaa49f6f80d5a33f9a5dd2276e6d6e451be0a6bb"
    integrity sha512-duORpUiYrEpzKIop6iNbjnwKLAKnJ47csTyRACyEmWj0QdUrm5aqNJGHSSEQSUAvNW0ojX0dOmK9dZduvkfeXA==
    dependencies:
      "@babel/types" "^7.18.6"
  
  "@babel/helper-builder-binary-assignment-operator-visitor@^7.14.5":
    version "7.18.9"
    resolved "https://registry.yarnpkg.com/@babel/helper-builder-binary-assignment-operator-visitor/-/helper-builder-binary-assignment-operator-visitor-7.18.9.tgz#acd4edfd7a566d1d51ea975dff38fd52906981bb"
    integrity sha512-yFQ0YCHoIqarl8BCRwBL8ulYUaZpz3bNsA7oFepAzee+8/+ImtADXNOmO5vJvsPff3qi+hvpkY/NYBTrBQgdNw==
    dependencies:
      "@babel/helper-explode-assignable-expression" "^7.18.6"
      "@babel/types" "^7.18.9"
  
  "@babel/helper-compilation-targets@^7.13.0", "@babel/helper-compilation-targets@^7.14.5":
    version "7.20.0"
    resolved "https://registry.yarnpkg.com/@babel/helper-compilation-targets/-/helper-compilation-targets-7.20.0.tgz#6bf5374d424e1b3922822f1d9bdaa43b1a139d0a"
    integrity sha512-0jp//vDGp9e8hZzBc6N/KwA5ZK3Wsm/pfm4CrY7vzegkVxc65SgSn6wYOnwHe9Js9HRQ1YTCKLGPzDtaS3RoLQ==
    dependencies:
      "@babel/compat-data" "^7.20.0"
      "@babel/helper-validator-option" "^7.18.6"
      browserslist "^4.21.3"
      semver "^6.3.0"
  
  "@babel/helper-create-class-features-plugin@^7.12.13", "@babel/helper-create-class-features-plugin@^7.14.5":
    version "7.20.5"
    resolved "https://registry.yarnpkg.com/@babel/helper-create-class-features-plugin/-/helper-create-class-features-plugin-7.20.5.tgz#327154eedfb12e977baa4ecc72e5806720a85a06"
    integrity sha512-3RCdA/EmEaikrhayahwToF0fpweU/8o2p8vhc1c/1kftHOdTKuC65kik/TLc+qfbS8JKw4qqJbne4ovICDhmww==
    dependencies:
      "@babel/helper-annotate-as-pure" "^7.18.6"
      "@babel/helper-environment-visitor" "^7.18.9"
      "@babel/helper-function-name" "^7.19.0"
      "@babel/helper-member-expression-to-functions" "^7.18.9"
      "@babel/helper-optimise-call-expression" "^7.18.6"
      "@babel/helper-replace-supers" "^7.19.1"
      "@babel/helper-split-export-declaration" "^7.18.6"
  
  "@babel/helper-create-regexp-features-plugin@^7.14.5":
    version "7.20.5"
    resolved "https://registry.yarnpkg.com/@babel/helper-create-regexp-features-plugin/-/helper-create-regexp-features-plugin-7.20.5.tgz#5ea79b59962a09ec2acf20a963a01ab4d076ccca"
    integrity sha512-m68B1lkg3XDGX5yCvGO0kPx3v9WIYLnzjKfPcQiwntEQa5ZeRkPmo2X/ISJc8qxWGfwUr+kvZAeEzAwLec2r2w==
    dependencies:
      "@babel/helper-annotate-as-pure" "^7.18.6"
      regexpu-core "^5.2.1"
  
  "@babel/helper-define-polyfill-provider@^0.2.2", "@babel/helper-define-polyfill-provider@^0.2.4":
    version "0.2.4"
    resolved "https://registry.yarnpkg.com/@babel/helper-define-polyfill-provider/-/helper-define-polyfill-provider-0.2.4.tgz#8867aed79d3ea6cade40f801efb7ac5c66916b10"
    integrity sha512-OrpPZ97s+aPi6h2n1OXzdhVis1SGSsMU2aMHgLcOKfsp4/v1NWpx3CWT3lBj5eeBq9cDkPkh+YCfdF7O12uNDQ==
    dependencies:
      "@babel/helper-compilation-targets" "^7.13.0"
      "@babel/helper-module-imports" "^7.12.13"
      "@babel/helper-plugin-utils" "^7.13.0"
      "@babel/traverse" "^7.13.0"
      debug "^4.1.1"
      lodash.debounce "^4.0.8"
      resolve "^1.14.2"
      semver "^6.1.2"
  
  "@babel/helper-environment-visitor@^7.18.9":
    version "7.18.9"
    resolved "https://registry.yarnpkg.com/@babel/helper-environment-visitor/-/helper-environment-visitor-7.18.9.tgz#0c0cee9b35d2ca190478756865bb3528422f51be"
    integrity sha512-3r/aACDJ3fhQ/EVgFy0hpj8oHyHpQc+LPtJoY9SzTThAsStm4Ptegq92vqKoE3vD706ZVFWITnMnxucw+S9Ipg==
  
  "@babel/helper-explode-assignable-expression@^7.18.6":
    version "7.18.6"
    resolved "https://registry.yarnpkg.com/@babel/helper-explode-assignable-expression/-/helper-explode-assignable-expression-7.18.6.tgz#41f8228ef0a6f1a036b8dfdfec7ce94f9a6bc096"
    integrity sha512-eyAYAsQmB80jNfg4baAtLeWAQHfHFiR483rzFK+BhETlGZaQC9bsfrugfXDCbRHLQbIA7U5NxhhOxN7p/dWIcg==
    dependencies:
      "@babel/types" "^7.18.6"
  
  "@babel/helper-function-name@^7.14.5", "@babel/helper-function-name@^7.15.4", "@babel/helper-function-name@^7.19.0":
    version "7.19.0"
    resolved "https://registry.yarnpkg.com/@babel/helper-function-name/-/helper-function-name-7.19.0.tgz#941574ed5390682e872e52d3f38ce9d1bef4648c"
    integrity sha512-WAwHBINyrpqywkUH0nTnNgI5ina5TFn85HKS0pbPDfxFfhyR/aNQEn4hGi1P1JyT//I0t4OgXUlofzWILRvS5w==
    dependencies:
      "@babel/template" "^7.18.10"
      "@babel/types" "^7.19.0"
  
  "@babel/helper-hoist-variables@^7.15.4", "@babel/helper-hoist-variables@^7.18.6":
    version "7.18.6"
    resolved "https://registry.yarnpkg.com/@babel/helper-hoist-variables/-/helper-hoist-variables-7.18.6.tgz#d4d2c8fb4baeaa5c68b99cc8245c56554f926678"
    integrity sha512-UlJQPkFqFULIcyW5sbzgbkxn2FKRgwWiRexcuaR8RNJRy8+LLveqPjwZV/bwrLZCN0eUHD/x8D0heK1ozuoo6Q==
    dependencies:
      "@babel/types" "^7.18.6"
  
  "@babel/helper-member-expression-to-functions@^7.18.9":
    version "7.18.9"
    resolved "https://registry.yarnpkg.com/@babel/helper-member-expression-to-functions/-/helper-member-expression-to-functions-7.18.9.tgz#1531661e8375af843ad37ac692c132841e2fd815"
    integrity sha512-RxifAh2ZoVU67PyKIO4AMi1wTenGfMR/O/ae0CCRqwgBAt5v7xjdtRw7UoSbsreKrQn5t7r89eruK/9JjYHuDg==
    dependencies:
      "@babel/types" "^7.18.9"
  
  "@babel/helper-module-imports@^7.12.13", "@babel/helper-module-imports@^7.14.5", "@babel/helper-module-imports@^7.18.6":
    version "7.18.6"
    resolved "https://registry.yarnpkg.com/@babel/helper-module-imports/-/helper-module-imports-7.18.6.tgz#1e3ebdbbd08aad1437b428c50204db13c5a3ca6e"
    integrity sha512-0NFvs3VkuSYbFi1x2Vd6tKrywq+z/cLeYC/RJNFrIX/30Bf5aiGYbtvGXolEktzJH8o5E5KJ3tT+nkxuuZFVlA==
    dependencies:
      "@babel/types" "^7.18.6"
  
  "@babel/helper-module-imports@~7.12.5":
    version "7.12.13"
    resolved "https://registry.yarnpkg.com/@babel/helper-module-imports/-/helper-module-imports-7.12.13.tgz#ec67e4404f41750463e455cc3203f6a32e93fcb0"
    integrity sha512-NGmfvRp9Rqxy0uHSSVP+SRIW1q31a7Ji10cLBcqSDUngGentY4FRiHOFZFE1CLU5eiL0oE8reH7Tg1y99TDM/g==
    dependencies:
      "@babel/types" "^7.12.13"
  
  "@babel/helper-module-transforms@^7.11.0", "@babel/helper-module-transforms@^7.14.5", "@babel/helper-module-transforms@^7.15.4":
    version "7.20.2"
    resolved "https://registry.yarnpkg.com/@babel/helper-module-transforms/-/helper-module-transforms-7.20.2.tgz#ac53da669501edd37e658602a21ba14c08748712"
    integrity sha512-zvBKyJXRbmK07XhMuujYoJ48B5yvvmM6+wcpv6Ivj4Yg6qO7NOZOSnvZN9CRl1zz1Z4cKf8YejmCMh8clOoOeA==
    dependencies:
      "@babel/helper-environment-visitor" "^7.18.9"
      "@babel/helper-module-imports" "^7.18.6"
      "@babel/helper-simple-access" "^7.20.2"
      "@babel/helper-split-export-declaration" "^7.18.6"
      "@babel/helper-validator-identifier" "^7.19.1"
      "@babel/template" "^7.18.10"
      "@babel/traverse" "^7.20.1"
      "@babel/types" "^7.20.2"
  
  "@babel/helper-optimise-call-expression@^7.15.4", "@babel/helper-optimise-call-expression@^7.18.6":
    version "7.18.6"
    resolved "https://registry.yarnpkg.com/@babel/helper-optimise-call-expression/-/helper-optimise-call-expression-7.18.6.tgz#9369aa943ee7da47edab2cb4e838acf09d290ffe"
    integrity sha512-HP59oD9/fEHQkdcbgFCnbmgH5vIQTJbxh2yf+CdM89/glUNnuzr87Q8GIjGEnOktTROemO0Pe0iPAYbqZuOUiA==
    dependencies:
      "@babel/types" "^7.18.6"
  
  "@babel/helper-plugin-utils@^7.12.13", "@babel/helper-plugin-utils@^7.13.0", "@babel/helper-plugin-utils@^7.14.5", "@babel/helper-plugin-utils@^7.20.2", "@babel/helper-plugin-utils@^7.8.0":
    version "7.20.2"
    resolved "https://registry.yarnpkg.com/@babel/helper-plugin-utils/-/helper-plugin-utils-7.20.2.tgz#d1b9000752b18d0877cff85a5c376ce5c3121629"
    integrity sha512-8RvlJG2mj4huQ4pZ+rU9lqKi9ZKiRmuvGuM2HlWmkmgOhbs6zEAw6IEiJ5cQqGbDzGZOhwuOQNtZMi/ENLjZoQ==
  
  "@babel/helper-remap-async-to-generator@^7.14.5":
    version "7.18.9"
    resolved "https://registry.yarnpkg.com/@babel/helper-remap-async-to-generator/-/helper-remap-async-to-generator-7.18.9.tgz#997458a0e3357080e54e1d79ec347f8a8cd28519"
    integrity sha512-dI7q50YKd8BAv3VEfgg7PS7yD3Rtbi2J1XMXaalXO0W0164hYLnh8zpjRS0mte9MfVp/tltvr/cfdXPvJr1opA==
    dependencies:
      "@babel/helper-annotate-as-pure" "^7.18.6"
      "@babel/helper-environment-visitor" "^7.18.9"
      "@babel/helper-wrap-function" "^7.18.9"
      "@babel/types" "^7.18.9"
  
  "@babel/helper-replace-supers@^7.14.5", "@babel/helper-replace-supers@^7.15.4", "@babel/helper-replace-supers@^7.19.1":
    version "7.19.1"
    resolved "https://registry.yarnpkg.com/@babel/helper-replace-supers/-/helper-replace-supers-7.19.1.tgz#e1592a9b4b368aa6bdb8784a711e0bcbf0612b78"
    integrity sha512-T7ahH7wV0Hfs46SFh5Jz3s0B6+o8g3c+7TMxu7xKfmHikg7EAZ3I2Qk9LFhjxXq8sL7UkP5JflezNwoZa8WvWw==
    dependencies:
      "@babel/helper-environment-visitor" "^7.18.9"
      "@babel/helper-member-expression-to-functions" "^7.18.9"
      "@babel/helper-optimise-call-expression" "^7.18.6"
      "@babel/traverse" "^7.19.1"
      "@babel/types" "^7.19.0"
  
  "@babel/helper-simple-access@^7.15.4", "@babel/helper-simple-access@^7.20.2":
    version "7.20.2"
    resolved "https://registry.yarnpkg.com/@babel/helper-simple-access/-/helper-simple-access-7.20.2.tgz#0ab452687fe0c2cfb1e2b9e0015de07fc2d62dd9"
    integrity sha512-+0woI/WPq59IrqDYbVGfshjT5Dmk/nnbdpcF8SnMhhXObpTq2KNBdLFRFrkVdbDOyUmHBCxzm5FHV1rACIkIbA==
    dependencies:
      "@babel/types" "^7.20.2"
  
  "@babel/helper-skip-transparent-expression-wrappers@^7.14.5":
    version "7.20.0"
    resolved "https://registry.yarnpkg.com/@babel/helper-skip-transparent-expression-wrappers/-/helper-skip-transparent-expression-wrappers-7.20.0.tgz#fbe4c52f60518cab8140d77101f0e63a8a230684"
    integrity sha512-5y1JYeNKfvnT8sZcK9DVRtpTbGiomYIHviSP3OQWmDPU3DeH4a1ZlT/N2lyQ5P8egjcRaT/Y9aNqUxK0WsnIIg==
    dependencies:
      "@babel/types" "^7.20.0"
  
  "@babel/helper-split-export-declaration@^7.15.4", "@babel/helper-split-export-declaration@^7.18.6":
    version "7.18.6"
    resolved "https://registry.yarnpkg.com/@babel/helper-split-export-declaration/-/helper-split-export-declaration-7.18.6.tgz#7367949bc75b20c6d5a5d4a97bba2824ae8ef075"
    integrity sha512-bde1etTx6ZyTmobl9LLMMQsaizFVZrquTEHOqKeQESMKo4PlObf+8+JA25ZsIpZhT/WEd39+vOdLXAFG/nELpA==
    dependencies:
      "@babel/types" "^7.18.6"
  
  "@babel/helper-string-parser@^7.19.4":
    version "7.19.4"
    resolved "https://registry.yarnpkg.com/@babel/helper-string-parser/-/helper-string-parser-7.19.4.tgz#38d3acb654b4701a9b77fb0615a96f775c3a9e63"
    integrity sha512-nHtDoQcuqFmwYNYPz3Rah5ph2p8PFeFCsZk9A/48dPc/rGocJ5J3hAAZ7pb76VWX3fZKu+uEr/FhH5jLx7umrw==
  
  "@babel/helper-validator-identifier@^7.14.9", "@babel/helper-validator-identifier@^7.16.7", "@babel/helper-validator-identifier@^7.18.6", "@babel/helper-validator-identifier@^7.19.1":
    version "7.19.1"
    resolved "https://registry.yarnpkg.com/@babel/helper-validator-identifier/-/helper-validator-identifier-7.19.1.tgz#7eea834cf32901ffdc1a7ee555e2f9c27e249ca2"
    integrity sha512-awrNfaMtnHUr653GgGEs++LlAvW6w+DcPrOliSMXWCKo597CwL5Acf/wWdNkf/tfEQE3mjkeD1YOVZOUV/od1w==
  
  "@babel/helper-validator-option@^7.18.6":
    version "7.18.6"
    resolved "https://registry.yarnpkg.com/@babel/helper-validator-option/-/helper-validator-option-7.18.6.tgz#bf0d2b5a509b1f336099e4ff36e1a63aa5db4db8"
    integrity sha512-XO7gESt5ouv/LRJdrVjkShckw6STTaB7l9BrpBaAHDeF5YZT+01PCwmR0SJHnkW6i8OwW/EVWRShfi4j2x+KQw==
  
  "@babel/helper-wrap-function@^7.18.9":
    version "7.20.5"
    resolved "https://registry.yarnpkg.com/@babel/helper-wrap-function/-/helper-wrap-function-7.20.5.tgz#75e2d84d499a0ab3b31c33bcfe59d6b8a45f62e3"
    integrity sha512-bYMxIWK5mh+TgXGVqAtnu5Yn1un+v8DDZtqyzKRLUzrh70Eal2O3aZ7aPYiMADO4uKlkzOiRiZ6GX5q3qxvW9Q==
    dependencies:
      "@babel/helper-function-name" "^7.19.0"
      "@babel/template" "^7.18.10"
      "@babel/traverse" "^7.20.5"
      "@babel/types" "^7.20.5"
  
  "@babel/helpers@^7.10.4":
    version "7.20.6"
    resolved "https://registry.yarnpkg.com/@babel/helpers/-/helpers-7.20.6.tgz#e64778046b70e04779dfbdf924e7ebb45992c763"
    integrity sha512-Pf/OjgfgFRW5bApskEz5pvidpim7tEDPlFtKcNRXWmfHGn9IEI2W2flqRQXTFb7gIPTyK++N6rVHuwKut4XK6w==
    dependencies:
      "@babel/template" "^7.18.10"
      "@babel/traverse" "^7.20.5"
      "@babel/types" "^7.20.5"
  
  "@babel/highlight@^7.18.6":
    version "7.18.6"
    resolved "https://registry.yarnpkg.com/@babel/highlight/-/highlight-7.18.6.tgz#81158601e93e2563795adcbfbdf5d64be3f2ecdf"
    integrity sha512-u7stbOuYjaPezCuLj29hNW1v64M2Md2qupEKP1fHc7WdOA3DgLh37suiSrZYY7haUB7iBeQZ9P1uiRF359do3g==
    dependencies:
      "@babel/helper-validator-identifier" "^7.18.6"
      chalk "^2.0.0"
      js-tokens "^4.0.0"
  
  "@babel/parser@^7.11.5", "@babel/parser@^7.18.10", "@babel/parser@^7.20.5":
    version "7.20.5"
    resolved "https://registry.yarnpkg.com/@babel/parser/-/parser-7.20.5.tgz#7f3c7335fe417665d929f34ae5dceae4c04015e8"
    integrity sha512-r27t/cy/m9uKLXQNWWebeCUHgnAZq0CpG1OwKRxzJMP1vpSU4bSIK2hq+/cp0bQxetkXx38n09rNu8jVkcK/zA==
  
  "@babel/plugin-proposal-class-properties@7.14.5":
    version "7.14.5"
    resolved "https://registry.yarnpkg.com/@babel/plugin-proposal-class-properties/-/plugin-proposal-class-properties-7.14.5.tgz#40d1ee140c5b1e31a350f4f5eed945096559b42e"
    integrity sha512-q/PLpv5Ko4dVc1LYMpCY7RVAAO4uk55qPwrIuJ5QJ8c6cVuAmhu7I/49JOppXL6gXf7ZHzpRVEUZdYoPLM04Gg==
    dependencies:
      "@babel/helper-create-class-features-plugin" "^7.14.5"
      "@babel/helper-plugin-utils" "^7.14.5"
  
  "@babel/plugin-proposal-class-properties@~7.12.1":
    version "7.12.13"
    resolved "https://registry.yarnpkg.com/@babel/plugin-proposal-class-properties/-/plugin-proposal-class-properties-7.12.13.tgz#3d2ce350367058033c93c098e348161d6dc0d8c8"
    integrity sha512-8SCJ0Ddrpwv4T7Gwb33EmW1V9PY5lggTO+A8WjyIwxrSHDUyBw4MtF96ifn1n8H806YlxbVCoKXbbmzD6RD+cA==
    dependencies:
      "@babel/helper-create-class-features-plugin" "^7.12.13"
      "@babel/helper-plugin-utils" "^7.12.13"
  
  "@babel/plugin-proposal-object-rest-spread@7.14.7":
    version "7.14.7"
    resolved "https://registry.yarnpkg.com/@babel/plugin-proposal-object-rest-spread/-/plugin-proposal-object-rest-spread-7.14.7.tgz#5920a2b3df7f7901df0205974c0641b13fd9d363"
    integrity sha512-082hsZz+sVabfmDWo1Oct1u1AgbKbUAyVgmX4otIc7bdsRgHBXwTwb3DpDmD4Eyyx6DNiuz5UAATT655k+kL5g==
    dependencies:
      "@babel/compat-data" "^7.14.7"
      "@babel/helper-compilation-targets" "^7.14.5"
      "@babel/helper-plugin-utils" "^7.14.5"
      "@babel/plugin-syntax-object-rest-spread" "^7.8.3"
      "@babel/plugin-transform-parameters" "^7.14.5"
  
  "@babel/plugin-proposal-object-rest-spread@~7.12.1":
    version "7.12.13"
    resolved "https://registry.yarnpkg.com/@babel/plugin-proposal-object-rest-spread/-/plugin-proposal-object-rest-spread-7.12.13.tgz#f93f3116381ff94bc676fdcb29d71045cd1ec011"
    integrity sha512-WvA1okB/0OS/N3Ldb3sziSrXg6sRphsBgqiccfcQq7woEn5wQLNX82Oc4PlaFcdwcWHuQXAtb8ftbS8Fbsg/sg==
    dependencies:
      "@babel/helper-plugin-utils" "^7.12.13"
      "@babel/plugin-syntax-object-rest-spread" "^7.8.0"
      "@babel/plugin-transform-parameters" "^7.12.13"
  
  "@babel/plugin-syntax-object-rest-spread@^7.8.0", "@babel/plugin-syntax-object-rest-spread@^7.8.3":
    version "7.8.3"
    resolved "https://registry.yarnpkg.com/@babel/plugin-syntax-object-rest-spread/-/plugin-syntax-object-rest-spread-7.8.3.tgz#60e225edcbd98a640332a2e72dd3e66f1af55871"
    integrity sha512-XoqMijGZb9y3y2XskN+P1wUGiVwWZ5JmoDRwx5+3GmEplNyVM2s2Dg8ILFQm8rWM48orGy5YpI5Bl8U1y7ydlA==
    dependencies:
      "@babel/helper-plugin-utils" "^7.8.0"
  
  "@babel/plugin-transform-arrow-functions@7.14.5":
    version "7.14.5"
    resolved "https://registry.yarnpkg.com/@babel/plugin-transform-arrow-functions/-/plugin-transform-arrow-functions-7.14.5.tgz#f7187d9588a768dd080bf4c9ffe117ea62f7862a"
    integrity sha512-KOnO0l4+tD5IfOdi4x8C1XmEIRWUjNRV8wc6K2vz/3e8yAOoZZvsRXRRIF/yo/MAOFb4QjtAw9xSxMXbSMRy8A==
    dependencies:
      "@babel/helper-plugin-utils" "^7.14.5"
  
  "@babel/plugin-transform-async-to-generator@7.14.5":
    version "7.14.5"
    resolved "https://registry.yarnpkg.com/@babel/plugin-transform-async-to-generator/-/plugin-transform-async-to-generator-7.14.5.tgz#72c789084d8f2094acb945633943ef8443d39e67"
    integrity sha512-szkbzQ0mNk0rpu76fzDdqSyPu0MuvpXgC+6rz5rpMb5OIRxdmHfQxrktL8CYolL2d8luMCZTR0DpIMIdL27IjA==
    dependencies:
      "@babel/helper-module-imports" "^7.14.5"
      "@babel/helper-plugin-utils" "^7.14.5"
      "@babel/helper-remap-async-to-generator" "^7.14.5"
  
  "@babel/plugin-transform-block-scoped-functions@7.14.5":
    version "7.14.5"
    resolved "https://registry.yarnpkg.com/@babel/plugin-transform-block-scoped-functions/-/plugin-transform-block-scoped-functions-7.14.5.tgz#e48641d999d4bc157a67ef336aeb54bc44fd3ad4"
    integrity sha512-dtqWqdWZ5NqBX3KzsVCWfQI3A53Ft5pWFCT2eCVUftWZgjc5DpDponbIF1+c+7cSGk2wN0YK7HGL/ezfRbpKBQ==
    dependencies:
      "@babel/helper-plugin-utils" "^7.14.5"
  
  "@babel/plugin-transform-block-scoping@7.15.3":
    version "7.15.3"
    resolved "https://registry.yarnpkg.com/@babel/plugin-transform-block-scoping/-/plugin-transform-block-scoping-7.15.3.tgz#94c81a6e2fc230bcce6ef537ac96a1e4d2b3afaf"
    integrity sha512-nBAzfZwZb4DkaGtOes1Up1nOAp9TDRRFw4XBzBBSG9QK7KVFmYzgj9o9sbPv7TX5ofL4Auq4wZnxCoPnI/lz2Q==
    dependencies:
      "@babel/helper-plugin-utils" "^7.14.5"
  
  "@babel/plugin-transform-classes@7.15.4":
    version "7.15.4"
    resolved "https://registry.yarnpkg.com/@babel/plugin-transform-classes/-/plugin-transform-classes-7.15.4.tgz#50aee17aaf7f332ae44e3bce4c2e10534d5d3bf1"
    integrity sha512-Yjvhex8GzBmmPQUvpXRPWQ9WnxXgAFuZSrqOK/eJlOGIXwvv8H3UEdUigl1gb/bnjTrln+e8bkZUYCBt/xYlBg==
    dependencies:
      "@babel/helper-annotate-as-pure" "^7.15.4"
      "@babel/helper-function-name" "^7.15.4"
      "@babel/helper-optimise-call-expression" "^7.15.4"
      "@babel/helper-plugin-utils" "^7.14.5"
      "@babel/helper-replace-supers" "^7.15.4"
      "@babel/helper-split-export-declaration" "^7.15.4"
      globals "^11.1.0"
  
  "@babel/plugin-transform-computed-properties@7.14.5":
    version "7.14.5"
    resolved "https://registry.yarnpkg.com/@babel/plugin-transform-computed-properties/-/plugin-transform-computed-properties-7.14.5.tgz#1b9d78987420d11223d41195461cc43b974b204f"
    integrity sha512-pWM+E4283UxaVzLb8UBXv4EIxMovU4zxT1OPnpHJcmnvyY9QbPPTKZfEj31EUvG3/EQRbYAGaYEUZ4yWOBC2xg==
    dependencies:
      "@babel/helper-plugin-utils" "^7.14.5"
  
  "@babel/plugin-transform-destructuring@7.14.7":
    version "7.14.7"
    resolved "https://registry.yarnpkg.com/@babel/plugin-transform-destructuring/-/plugin-transform-destructuring-7.14.7.tgz#0ad58ed37e23e22084d109f185260835e5557576"
    integrity sha512-0mDE99nK+kVh3xlc5vKwB6wnP9ecuSj+zQCa/n0voENtP/zymdT4HH6QEb65wjjcbqr1Jb/7z9Qp7TF5FtwYGw==
    dependencies:
      "@babel/helper-plugin-utils" "^7.14.5"
  
  "@babel/plugin-transform-duplicate-keys@7.14.5":
    version "7.14.5"
    resolved "https://registry.yarnpkg.com/@babel/plugin-transform-duplicate-keys/-/plugin-transform-duplicate-keys-7.14.5.tgz#365a4844881bdf1501e3a9f0270e7f0f91177954"
    integrity sha512-iJjbI53huKbPDAsJ8EmVmvCKeeq21bAze4fu9GBQtSLqfvzj2oRuHVx4ZkDwEhg1htQ+5OBZh/Ab0XDf5iBZ7A==
    dependencies:
      "@babel/helper-plugin-utils" "^7.14.5"
  
  "@babel/plugin-transform-exponentiation-operator@7.14.5":
    version "7.14.5"
    resolved "https://registry.yarnpkg.com/@babel/plugin-transform-exponentiation-operator/-/plugin-transform-exponentiation-operator-7.14.5.tgz#5154b8dd6a3dfe6d90923d61724bd3deeb90b493"
    integrity sha512-jFazJhMBc9D27o9jDnIE5ZErI0R0m7PbKXVq77FFvqFbzvTMuv8jaAwLZ5PviOLSFttqKIW0/wxNSDbjLk0tYA==
    dependencies:
      "@babel/helper-builder-binary-assignment-operator-visitor" "^7.14.5"
      "@babel/helper-plugin-utils" "^7.14.5"
  
  "@babel/plugin-transform-for-of@7.15.4":
    version "7.15.4"
    resolved "https://registry.yarnpkg.com/@babel/plugin-transform-for-of/-/plugin-transform-for-of-7.15.4.tgz#25c62cce2718cfb29715f416e75d5263fb36a8c2"
    integrity sha512-DRTY9fA751AFBDh2oxydvVm4SYevs5ILTWLs6xKXps4Re/KG5nfUkr+TdHCrRWB8C69TlzVgA9b3RmGWmgN9LA==
    dependencies:
      "@babel/helper-plugin-utils" "^7.14.5"
  
  "@babel/plugin-transform-function-name@7.14.5":
    version "7.14.5"
    resolved "https://registry.yarnpkg.com/@babel/plugin-transform-function-name/-/plugin-transform-function-name-7.14.5.tgz#e81c65ecb900746d7f31802f6bed1f52d915d6f2"
    integrity sha512-vbO6kv0fIzZ1GpmGQuvbwwm+O4Cbm2NrPzwlup9+/3fdkuzo1YqOZcXw26+YUJB84Ja7j9yURWposEHLYwxUfQ==
    dependencies:
      "@babel/helper-function-name" "^7.14.5"
      "@babel/helper-plugin-utils" "^7.14.5"
  
  "@babel/plugin-transform-instanceof@7.14.5":
    version "7.14.5"
    resolved "https://registry.yarnpkg.com/@babel/plugin-transform-instanceof/-/plugin-transform-instanceof-7.14.5.tgz#8568277fbcfd7a3e4f3e6c8b7aa8ce4f60cba6e7"
    integrity sha512-3CIpRzBLk5tEwIzjjD86KR8oMYrp1fl9q7kbdJa6O6Lcmkcee9DXfeO6zRXis//5gWRf63o5oDlNBh0VAlmtgw==
    dependencies:
      "@babel/helper-plugin-utils" "^7.14.5"
  
  "@babel/plugin-transform-literals@7.14.5":
    version "7.14.5"
    resolved "https://registry.yarnpkg.com/@babel/plugin-transform-literals/-/plugin-transform-literals-7.14.5.tgz#41d06c7ff5d4d09e3cf4587bd3ecf3930c730f78"
    integrity sha512-ql33+epql2F49bi8aHXxvLURHkxJbSmMKl9J5yHqg4PLtdE6Uc48CH1GS6TQvZ86eoB/ApZXwm7jlA+B3kra7A==
    dependencies:
      "@babel/helper-plugin-utils" "^7.14.5"
  
  "@babel/plugin-transform-modules-amd@7.14.5":
    version "7.14.5"
    resolved "https://registry.yarnpkg.com/@babel/plugin-transform-modules-amd/-/plugin-transform-modules-amd-7.14.5.tgz#4fd9ce7e3411cb8b83848480b7041d83004858f7"
    integrity sha512-3lpOU8Vxmp3roC4vzFpSdEpGUWSMsHFreTWOMMLzel2gNGfHE5UWIh/LN6ghHs2xurUp4jRFYMUIZhuFbody1g==
    dependencies:
      "@babel/helper-module-transforms" "^7.14.5"
      "@babel/helper-plugin-utils" "^7.14.5"
      babel-plugin-dynamic-import-node "^2.3.3"
  
  "@babel/plugin-transform-modules-commonjs@7.15.4":
    version "7.15.4"
    resolved "https://registry.yarnpkg.com/@babel/plugin-transform-modules-commonjs/-/plugin-transform-modules-commonjs-7.15.4.tgz#8201101240eabb5a76c08ef61b2954f767b6b4c1"
    integrity sha512-qg4DPhwG8hKp4BbVDvX1s8cohM8a6Bvptu4l6Iingq5rW+yRUAhe/YRup/YcW2zCOlrysEWVhftIcKzrEZv3sA==
    dependencies:
      "@babel/helper-module-transforms" "^7.15.4"
      "@babel/helper-plugin-utils" "^7.14.5"
      "@babel/helper-simple-access" "^7.15.4"
      babel-plugin-dynamic-import-node "^2.3.3"
  
  "@babel/plugin-transform-modules-systemjs@7.15.4":
    version "7.15.4"
    resolved "https://registry.yarnpkg.com/@babel/plugin-transform-modules-systemjs/-/plugin-transform-modules-systemjs-7.15.4.tgz#b42890c7349a78c827719f1d2d0cd38c7d268132"
    integrity sha512-fJUnlQrl/mezMneR72CKCgtOoahqGJNVKpompKwzv3BrEXdlPspTcyxrZ1XmDTIr9PpULrgEQo3qNKp6dW7ssw==
    dependencies:
      "@babel/helper-hoist-variables" "^7.15.4"
      "@babel/helper-module-transforms" "^7.15.4"
      "@babel/helper-plugin-utils" "^7.14.5"
      "@babel/helper-validator-identifier" "^7.14.9"
      babel-plugin-dynamic-import-node "^2.3.3"
  
  "@babel/plugin-transform-modules-umd@7.14.5":
    version "7.14.5"
    resolved "https://registry.yarnpkg.com/@babel/plugin-transform-modules-umd/-/plugin-transform-modules-umd-7.14.5.tgz#fb662dfee697cce274a7cda525190a79096aa6e0"
    integrity sha512-RfPGoagSngC06LsGUYyM9QWSXZ8MysEjDJTAea1lqRjNECE3y0qIJF/qbvJxc4oA4s99HumIMdXOrd+TdKaAAA==
    dependencies:
      "@babel/helper-module-transforms" "^7.14.5"
      "@babel/helper-plugin-utils" "^7.14.5"
  
  "@babel/plugin-transform-object-super@7.14.5":
    version "7.14.5"
    resolved "https://registry.yarnpkg.com/@babel/plugin-transform-object-super/-/plugin-transform-object-super-7.14.5.tgz#d0b5faeac9e98597a161a9cf78c527ed934cdc45"
    integrity sha512-MKfOBWzK0pZIrav9z/hkRqIk/2bTv9qvxHzPQc12RcVkMOzpIKnFCNYJip00ssKWYkd8Sf5g0Wr7pqJ+cmtuFg==
    dependencies:
      "@babel/helper-plugin-utils" "^7.14.5"
      "@babel/helper-replace-supers" "^7.14.5"
  
  "@babel/plugin-transform-parameters@7.15.4":
    version "7.15.4"
    resolved "https://registry.yarnpkg.com/@babel/plugin-transform-parameters/-/plugin-transform-parameters-7.15.4.tgz#5f2285cc3160bf48c8502432716b48504d29ed62"
    integrity sha512-9WB/GUTO6lvJU3XQsSr6J/WKvBC2hcs4Pew8YxZagi6GkTdniyqp8On5kqdK8MN0LMeu0mGbhPN+O049NV/9FQ==
    dependencies:
      "@babel/helper-plugin-utils" "^7.14.5"
  
  "@babel/plugin-transform-parameters@^7.12.13", "@babel/plugin-transform-parameters@^7.14.5":
    version "7.20.5"
    resolved "https://registry.yarnpkg.com/@babel/plugin-transform-parameters/-/plugin-transform-parameters-7.20.5.tgz#f8f9186c681d10c3de7620c916156d893c8a019e"
    integrity sha512-h7plkOmcndIUWXZFLgpbrh2+fXAi47zcUX7IrOQuZdLD0I0KvjJ6cvo3BEcAOsDOcZhVKGJqv07mkSqK0y2isQ==
    dependencies:
      "@babel/helper-plugin-utils" "^7.20.2"
  
  "@babel/plugin-transform-regenerator@7.14.5":
    version "7.14.5"
    resolved "https://registry.yarnpkg.com/@babel/plugin-transform-regenerator/-/plugin-transform-regenerator-7.14.5.tgz#9676fd5707ed28f522727c5b3c0aa8544440b04f"
    integrity sha512-NVIY1W3ITDP5xQl50NgTKlZ0GrotKtLna08/uGY6ErQt6VEQZXla86x/CTddm5gZdcr+5GSsvMeTmWA5Ii6pkg==
    dependencies:
      regenerator-transform "^0.14.2"
  
  "@babel/plugin-transform-runtime@7.15.0":
    version "7.15.0"
    resolved "https://registry.yarnpkg.com/@babel/plugin-transform-runtime/-/plugin-transform-runtime-7.15.0.tgz#d3aa650d11678ca76ce294071fda53d7804183b3"
    integrity sha512-sfHYkLGjhzWTq6xsuQ01oEsUYjkHRux9fW1iUA68dC7Qd8BS1Unq4aZ8itmQp95zUzIcyR2EbNMTzAicFj+guw==
    dependencies:
      "@babel/helper-module-imports" "^7.14.5"
      "@babel/helper-plugin-utils" "^7.14.5"
      babel-plugin-polyfill-corejs2 "^0.2.2"
      babel-plugin-polyfill-corejs3 "^0.2.2"
      babel-plugin-polyfill-regenerator "^0.2.2"
      semver "^6.3.0"
  
  "@babel/plugin-transform-shorthand-properties@7.14.5":
    version "7.14.5"
    resolved "https://registry.yarnpkg.com/@babel/plugin-transform-shorthand-properties/-/plugin-transform-shorthand-properties-7.14.5.tgz#97f13855f1409338d8cadcbaca670ad79e091a58"
    integrity sha512-xLucks6T1VmGsTB+GWK5Pl9Jl5+nRXD1uoFdA5TSO6xtiNjtXTjKkmPdFXVLGlK5A2/or/wQMKfmQ2Y0XJfn5g==
    dependencies:
      "@babel/helper-plugin-utils" "^7.14.5"
  
  "@babel/plugin-transform-spread@7.14.6":
    version "7.14.6"
    resolved "https://registry.yarnpkg.com/@babel/plugin-transform-spread/-/plugin-transform-spread-7.14.6.tgz#6bd40e57fe7de94aa904851963b5616652f73144"
    integrity sha512-Zr0x0YroFJku7n7+/HH3A2eIrGMjbmAIbJSVv0IZ+t3U2WUQUA64S/oeied2e+MaGSjmt4alzBCsK9E8gh+fag==
    dependencies:
      "@babel/helper-plugin-utils" "^7.14.5"
      "@babel/helper-skip-transparent-expression-wrappers" "^7.14.5"
  
  "@babel/plugin-transform-sticky-regex@7.14.5":
    version "7.14.5"
    resolved "https://registry.yarnpkg.com/@babel/plugin-transform-sticky-regex/-/plugin-transform-sticky-regex-7.14.5.tgz#5b617542675e8b7761294381f3c28c633f40aeb9"
    integrity sha512-Z7F7GyvEMzIIbwnziAZmnSNpdijdr4dWt+FJNBnBLz5mwDFkqIXU9wmBcWWad3QeJF5hMTkRe4dAq2sUZiG+8A==
    dependencies:
      "@babel/helper-plugin-utils" "^7.14.5"
  
  "@babel/plugin-transform-template-literals@7.14.5":
    version "7.14.5"
    resolved "https://registry.yarnpkg.com/@babel/plugin-transform-template-literals/-/plugin-transform-template-literals-7.14.5.tgz#a5f2bc233937d8453885dc736bdd8d9ffabf3d93"
    integrity sha512-22btZeURqiepOfuy/VkFr+zStqlujWaarpMErvay7goJS6BWwdd6BY9zQyDLDa4x2S3VugxFb162IZ4m/S/+Gg==
    dependencies:
      "@babel/helper-plugin-utils" "^7.14.5"
  
  "@babel/plugin-transform-typeof-symbol@7.14.5":
    version "7.14.5"
    resolved "https://registry.yarnpkg.com/@babel/plugin-transform-typeof-symbol/-/plugin-transform-typeof-symbol-7.14.5.tgz#39af2739e989a2bd291bf6b53f16981423d457d4"
    integrity sha512-lXzLD30ffCWseTbMQzrvDWqljvZlHkXU+CnseMhkMNqU1sASnCsz3tSzAaH3vCUXb9PHeUb90ZT1BdFTm1xxJw==
    dependencies:
      "@babel/helper-plugin-utils" "^7.14.5"
  
  "@babel/plugin-transform-unicode-regex@7.14.5":
    version "7.14.5"
    resolved "https://registry.yarnpkg.com/@babel/plugin-transform-unicode-regex/-/plugin-transform-unicode-regex-7.14.5.tgz#4cd09b6c8425dd81255c7ceb3fb1836e7414382e"
    integrity sha512-UygduJpC5kHeCiRw/xDVzC+wj8VaYSoKl5JNVmbP7MadpNinAm3SvZCxZ42H37KZBKztz46YC73i9yV34d0Tzw==
    dependencies:
      "@babel/helper-create-regexp-features-plugin" "^7.14.5"
      "@babel/helper-plugin-utils" "^7.14.5"
  
  "@babel/runtime@^7.8.4":
    version "7.20.6"
    resolved "https://registry.yarnpkg.com/@babel/runtime/-/runtime-7.20.6.tgz#facf4879bfed9b5326326273a64220f099b0fce3"
    integrity sha512-Q+8MqP7TiHMWzSfwiJwXCjyf4GYA4Dgw3emg/7xmwsdLJOZUp+nMqcOwOzzYheuM1rhDu8FSj2l0aoMygEuXuA==
    dependencies:
      regenerator-runtime "^0.13.11"
  
  "@babel/template@^7.10.4", "@babel/template@^7.18.10":
    version "7.18.10"
    resolved "https://registry.yarnpkg.com/@babel/template/-/template-7.18.10.tgz#6f9134835970d1dbf0835c0d100c9f38de0c5e71"
    integrity sha512-TI+rCtooWHr3QJ27kJxfjutghu44DLnasDMwpDqCXVTal9RLp3RSYNh4NdBrRP2cQAoG9A8juOQl6P6oZG4JxA==
    dependencies:
      "@babel/code-frame" "^7.18.6"
      "@babel/parser" "^7.18.10"
      "@babel/types" "^7.18.10"
  
  "@babel/traverse@^7.11.5", "@babel/traverse@^7.13.0", "@babel/traverse@^7.19.1", "@babel/traverse@^7.20.1", "@babel/traverse@^7.20.5":
    version "7.20.5"
    resolved "https://registry.yarnpkg.com/@babel/traverse/-/traverse-7.20.5.tgz#78eb244bea8270fdda1ef9af22a5d5e5b7e57133"
    integrity sha512-WM5ZNN3JITQIq9tFZaw1ojLU3WgWdtkxnhM1AegMS+PvHjkM5IXjmYEGY7yukz5XS4sJyEf2VzWjI8uAavhxBQ==
    dependencies:
      "@babel/code-frame" "^7.18.6"
      "@babel/generator" "^7.20.5"
      "@babel/helper-environment-visitor" "^7.18.9"
      "@babel/helper-function-name" "^7.19.0"
      "@babel/helper-hoist-variables" "^7.18.6"
      "@babel/helper-split-export-declaration" "^7.18.6"
      "@babel/parser" "^7.20.5"
      "@babel/types" "^7.20.5"
      debug "^4.1.0"
      globals "^11.1.0"
  
  "@babel/types@7.16.8":
    version "7.16.8"
    resolved "https://registry.yarnpkg.com/@babel/types/-/types-7.16.8.tgz#0ba5da91dd71e0a4e7781a30f22770831062e3c1"
    integrity sha512-smN2DQc5s4M7fntyjGtyIPbRJv6wW4rU/94fmYJ7PKQuZkC0qGMHXJbg6sNGt12JmVr4k5YaptI/XtiLJBnmIg==
    dependencies:
      "@babel/helper-validator-identifier" "^7.16.7"
      to-fast-properties "^2.0.0"
  
  "@babel/types@^7.11.5", "@babel/types@^7.12.13", "@babel/types@^7.18.10", "@babel/types@^7.18.6", "@babel/types@^7.18.9", "@babel/types@^7.19.0", "@babel/types@^7.20.0", "@babel/types@^7.20.2", "@babel/types@^7.20.5":
    version "7.20.5"
    resolved "https://registry.yarnpkg.com/@babel/types/-/types-7.20.5.tgz#e206ae370b5393d94dfd1d04cd687cace53efa84"
    integrity sha512-c9fst/h2/dcF7H+MJKZ2T0KjEQ8hY/BNnDk/H3XY8C4Aw/eWQXWn/lWntHF9ooUBnGmEvbfGrTgLWc+um0YDUg==
    dependencies:
      "@babel/helper-string-parser" "^7.19.4"
      "@babel/helper-validator-identifier" "^7.19.1"
      to-fast-properties "^2.0.0"
  
  "@jridgewell/gen-mapping@^0.3.2":
    version "0.3.2"
    resolved "https://registry.yarnpkg.com/@jridgewell/gen-mapping/-/gen-mapping-0.3.2.tgz#c1aedc61e853f2bb9f5dfe6d4442d3b565b253b9"
    integrity sha512-mh65xKQAzI6iBcFzwv28KVWSmCkdRBWoOh+bYQGW3+6OZvbbN3TqMGo5hqYxQniRcH9F2VZIoJCm4pa3BPDK/A==
    dependencies:
      "@jridgewell/set-array" "^1.0.1"
      "@jridgewell/sourcemap-codec" "^1.4.10"
      "@jridgewell/trace-mapping" "^0.3.9"
  
  "@jridgewell/resolve-uri@3.1.0":
    version "3.1.0"
    resolved "https://registry.yarnpkg.com/@jridgewell/resolve-uri/-/resolve-uri-3.1.0.tgz#2203b118c157721addfe69d47b70465463066d78"
    integrity sha512-F2msla3tad+Mfht5cJq7LSXcdudKTWCVYUgw6pLFOOHSTtZlj6SWNYAp+AhuqLmWdBO2X5hPrLcu8cVP8fy28w==
  
  "@jridgewell/set-array@^1.0.1":
    version "1.1.2"
    resolved "https://registry.yarnpkg.com/@jridgewell/set-array/-/set-array-1.1.2.tgz#7c6cf998d6d20b914c0a55a91ae928ff25965e72"
    integrity sha512-xnkseuNADM0gt2bs+BvhO0p78Mk762YnZdsuzFV018NoG1Sj1SCQvpSqa7XUaTam5vAGasABV9qXASMKnFMwMw==
  
  "@jridgewell/sourcemap-codec@1.4.14", "@jridgewell/sourcemap-codec@^1.4.10":
    version "1.4.14"
    resolved "https://registry.yarnpkg.com/@jridgewell/sourcemap-codec/-/sourcemap-codec-1.4.14.tgz#add4c98d341472a289190b424efbdb096991bb24"
    integrity sha512-XPSJHWmi394fuUuzDnGz1wiKqWfo1yXecHQMRf2l6hztTO+nPru658AyDngaBe7isIxEkRsPR3FZh+s7iVa4Uw==
  
  "@jridgewell/trace-mapping@^0.3.9":
    version "0.3.17"
    resolved "https://registry.yarnpkg.com/@jridgewell/trace-mapping/-/trace-mapping-0.3.17.tgz#793041277af9073b0951a7fe0f0d8c4c98c36985"
    integrity sha512-MCNzAp77qzKca9+W/+I0+sEpaUnZoeasnghNeVc41VZCEKaCH73Vq3BZZ/SzWIgrqE4H4ceI+p+b6C0mHf9T4g==
    dependencies:
      "@jridgewell/resolve-uri" "3.1.0"
      "@jridgewell/sourcemap-codec" "1.4.14"
  
  "@lwc/babel-plugin-component@1.18.0":
    version "1.18.0"
    resolved "https://registry.yarnpkg.com/@lwc/babel-plugin-component/-/babel-plugin-component-1.18.0.tgz#f62331937cb8475e9af6525ddc6baaef4af5a316"
    integrity sha512-sg05ACqixpfZkCyeVD4cDmC8XhlevFpLQh0kHVn/YK3IpoU0TgNHtJfj/wnw91moPiXHIivtAlzn9kRjWlciSA==
    dependencies:
      "@babel/helper-module-imports" "~7.12.5"
      "@lwc/errors" "1.18.0"
      line-column "~1.0.2"
  
  "@lwc/compiler@^1.0.0":
    version "1.18.0"
    resolved "https://registry.yarnpkg.com/@lwc/compiler/-/compiler-1.18.0.tgz#4d0d59106b9956bdf78dd5dfb9cec51e8a12c412"
    integrity sha512-dLk+KJnfYluj8eMvzbimuebCue9zjNiNdmuibL2v2jZm+9TG+YQ9SnOG33bVQ67G0THmv4fiTNYTvN19Ej2CjQ==
    dependencies:
      "@babel/core" "~7.11.6"
      "@babel/plugin-proposal-class-properties" "~7.12.1"
      "@babel/plugin-proposal-object-rest-spread" "~7.12.1"
      "@lwc/babel-plugin-component" "1.18.0"
      "@lwc/errors" "1.18.0"
      "@lwc/shared" "1.18.0"
      "@lwc/style-compiler" "1.18.0"
      "@lwc/template-compiler" "1.18.0"
      "@rollup/plugin-replace" "~2.4.1"
      babel-preset-compat "~0.22.1"
      rollup "~2.38.3"
      terser "~5.6.0"
  
  "@lwc/engine-dom@^2.32.1":
    version "2.32.1"
    resolved "https://registry.yarnpkg.com/@lwc/engine-dom/-/engine-dom-2.32.1.tgz#d38f6a5401ef087b830b5d32aba24b124d97ad48"
    integrity sha512-KUHbV3mU/HKYRybmC6YDVeYGMd2P87V7mws/kHgOhjbYs6ZF4AJmKD4cRkI69UxnGmOVz1Ch9kylExIRf6OdPg==
  
  "@lwc/engine@^1.0.0":
    version "1.17.6"
    resolved "https://registry.yarnpkg.com/@lwc/engine/-/engine-1.17.6.tgz#aeeaee8ebdddad6f8d351643b97d82c1ead3bfa1"
    integrity sha512-/jwL50Rt0XVzwzMffexkWLoRcrzjMZCDR9tpIGm857s/gToZN8K0ELvSlRg1+FwvX9IzMLFHSdJhY1K1C4OLtA==
  
  "@lwc/errors@1.18.0":
    version "1.18.0"
    resolved "https://registry.yarnpkg.com/@lwc/errors/-/errors-1.18.0.tgz#130deb72dab846640f84fe6cb409dcf2a375c502"
    integrity sha512-S7GTJpl0cxjO9vuCy9lDoi+spNgo2+ArCHIdgx+9jVj1I20lAjh0RU8LQUf9452/NYu2/4PEv7OGu/O2gFDGeA==
  
  "@lwc/module-resolver@2.32.1":
    version "2.32.1"
    resolved "https://registry.yarnpkg.com/@lwc/module-resolver/-/module-resolver-2.32.1.tgz#10b4d4928b632741ffed9b11635b59428a2b39d6"
    integrity sha512-sy9mMhwtFGWrGSoI9gOtW9A9/DAJbRliR15Suck5BlqRX2R6yxWK2neIGM3UypJmhlRHajYd4QbBYr3XnWIm6w==
    dependencies:
      resolve "~1.22.1"
  
  "@lwc/rollup-plugin@^2.32.1":
    version "2.32.1"
    resolved "https://registry.yarnpkg.com/@lwc/rollup-plugin/-/rollup-plugin-2.32.1.tgz#fccf4504b4553d125bd40fc2fb648cc8c0519379"
    integrity sha512-WMCMth4WFT5rCUNYnLyLSjT9j2oYSZNiEBO2at4NhQHwAt7nefOI9a9AgshNPJkEyq5VbCayvxDj5mHC+khPPA==
    dependencies:
      "@lwc/module-resolver" "2.32.1"
      "@rollup/pluginutils" "~5.0.2"
  
  "@lwc/shared@1.18.0":
    version "1.18.0"
    resolved "https://registry.yarnpkg.com/@lwc/shared/-/shared-1.18.0.tgz#9cc253f85f1a5baff97fbb162b110593fb1ce8a0"
    integrity sha512-V5K5Ec3KGrWzH0kbXGNuqFNLFH2Nnyv+i3GWruMs3lOCfADsdVVmTBG1dSBRQbnNuFCjhYd5PBmolzp0zOZk8Q==
  
  "@lwc/style-compiler@1.18.0":
    version "1.18.0"
    resolved "https://registry.yarnpkg.com/@lwc/style-compiler/-/style-compiler-1.18.0.tgz#da5a0735b99562aa4452c8d171b86174b073cd36"
    integrity sha512-Qwcz3uVeJnrf1L9Bg0f2+W8+547gobgwxOUmPRjeyRkhuMlOsD+0xuuw36OnrNnLhwhbwVJJq7MKqYULOGLqBA==
    dependencies:
      postcss "~8.2.7"
      postcss-selector-parser "~6.0.4"
      postcss-value-parser "~4.1.0"
  
  "@lwc/synthetic-shadow@^2.32.1":
    version "2.32.1"
    resolved "https://registry.yarnpkg.com/@lwc/synthetic-shadow/-/synthetic-shadow-2.32.1.tgz#e82a166d229121c61a44fbdbc1c7bd043cbabff5"
    integrity sha512-caZfs2AnnnXADKaFuF7IFdmG/QAiXPGAN/QLb2iqlCjL0HOJCE3NSdJ0BXePLnmPBc/0XwZkbqBjje5bDhOlsQ==
  
  "@lwc/template-compiler@1.18.0":
    version "1.18.0"
    resolved "https://registry.yarnpkg.com/@lwc/template-compiler/-/template-compiler-1.18.0.tgz#b1db54c02e410ce8a53bd4e68c10b971589e9959"
    integrity sha512-mbRiCqXWM419jIIWmgQ1eAeX1ORgSIolyTC3pNXjj/YRXkak6f97OoemGHK0cN47Yiu4VIcRN9Tm38XDV8/eaA==
    dependencies:
      "@lwc/errors" "1.18.0"
      "@lwc/shared" "1.18.0"
      acorn "~8.0.5"
      astring "~1.7.0"
      estree-walker "~2.0.2"
      esutils "~2.0.3"
      he "~1.2.0"
      parse5-with-errors "~4.0.4"
  
  "@rollup/plugin-replace@^4.0.0":
    version "4.0.0"
    resolved "https://registry.yarnpkg.com/@rollup/plugin-replace/-/plugin-replace-4.0.0.tgz#e34c457d6a285f0213359740b43f39d969b38a67"
    integrity sha512-+rumQFiaNac9y64OHtkHGmdjm7us9bo1PlbgQfdihQtuNxzjpaB064HbRnewUOggLQxVCCyINfStkgmBeQpv1g==
    dependencies:
      "@rollup/pluginutils" "^3.1.0"
      magic-string "^0.25.7"
  
  "@rollup/plugin-replace@~2.4.1":
    version "2.4.2"
    resolved "https://registry.yarnpkg.com/@rollup/plugin-replace/-/plugin-replace-2.4.2.tgz#a2d539314fbc77c244858faa523012825068510a"
    integrity sha512-IGcu+cydlUMZ5En85jxHH4qj2hta/11BHq95iHEyb2sbgiN0eCdzvUcHw5gt9pBL5lTi4JDYJ1acCoMGpTvEZg==
    dependencies:
      "@rollup/pluginutils" "^3.1.0"
      magic-string "^0.25.7"
  
  "@rollup/pluginutils@^3.1.0":
    version "3.1.0"
    resolved "https://registry.yarnpkg.com/@rollup/pluginutils/-/pluginutils-3.1.0.tgz#706b4524ee6dc8b103b3c995533e5ad680c02b9b"
    integrity sha512-GksZ6pr6TpIjHm8h9lSQ8pi8BE9VeubNT0OMJ3B5uZJ8pz73NPiqOtCog/x2/QzM1ENChPKxMDhiQuRHsqc+lg==
    dependencies:
      "@types/estree" "0.0.39"
      estree-walker "^1.0.1"
      picomatch "^2.2.2"
  
  "@rollup/pluginutils@~5.0.2":
    version "5.0.2"
    resolved "https://registry.yarnpkg.com/@rollup/pluginutils/-/pluginutils-5.0.2.tgz#012b8f53c71e4f6f9cb317e311df1404f56e7a33"
    integrity sha512-pTd9rIsP92h+B6wWwFbW8RkZv4hiR/xKsqre4SIuAOaOEQRxi0lqLke9k2/7WegC85GgUs9pjmOjCUi3In4vwA==
    dependencies:
      "@types/estree" "^1.0.0"
      estree-walker "^2.0.2"
      picomatch "^2.3.1"
  
  "@types/estree@0.0.39":
    version "0.0.39"
    resolved "https://registry.yarnpkg.com/@types/estree/-/estree-0.0.39.tgz#e177e699ee1b8c22d23174caaa7422644389509f"
    integrity sha512-EYNwp3bU+98cpU4lAWYYL7Zz+2gryWH1qbdDTidVd6hkiR6weksdbMadyXKXNPEkQFhXM+hVO9ZygomHXp+AIw==
  
  "@types/estree@^1.0.0":
    version "1.0.0"
    resolved "https://registry.yarnpkg.com/@types/estree/-/estree-1.0.0.tgz#5fb2e536c1ae9bf35366eed879e827fa59ca41c2"
    integrity sha512-WulqXMDUTYAXCjZnk6JtIHPigp55cVtDgDrO2gHRwhyJto21+1zbVCtOYB2L1F9w4qCQ0rOGWBnBe0FNTiEJIQ==
  
  "@types/node@^6.0.46":
    version "6.14.13"
    resolved "https://registry.yarnpkg.com/@types/node/-/node-6.14.13.tgz#b6649578fc0b5dac88c4ef48a46cab33c50a6c72"
    integrity sha512-J1F0XJ/9zxlZel5ZlbeSuHW2OpabrUAqpFuC2sm2I3by8sERQ8+KCjNKUcq8QHuzpGMWiJpo9ZxeHrqrP2KzQw==
  
  acorn@~8.0.5:
    version "8.0.5"
    resolved "https://registry.yarnpkg.com/acorn/-/acorn-8.0.5.tgz#a3bfb872a74a6a7f661bc81b9849d9cac12601b7"
    integrity sha512-v+DieK/HJkJOpFBETDJioequtc3PfxsWMaxIdIwujtF7FEV/MAyDQLlm6/zPvr7Mix07mLh6ccVwIsloceodlg==
  
  ansi-styles@^3.2.1:
    version "3.2.1"
    resolved "https://registry.yarnpkg.com/ansi-styles/-/ansi-styles-3.2.1.tgz#41fbb20243e50b12be0f04b8dedbf07520ce841d"
    integrity sha512-VT0ZI6kZRdTh8YyJw3SMbYm/u+NqfsAxEpWO0Pf9sq8/e94WxxOpPKx9FR1FlyCtOVDNOQ+8ntlqFxiRc+r5qA==
    dependencies:
      color-convert "^1.9.0"
  
  astring@~1.7.0:
    version "1.7.6"
    resolved "https://registry.yarnpkg.com/astring/-/astring-1.7.6.tgz#3e1c34b2ad22f358d827c2a43f94ceaa785b3876"
    integrity sha512-7ofuRb7zx2u7T4OGZTtfkGKAfPKq72XQ7zgpI2b3pR3wdROrDIDmKPtrel7D8S4t+97SGpYTpDR6lq5cNX/DJw==
  
  babel-plugin-dynamic-import-node@^2.3.3:
    version "2.3.3"
    resolved "https://registry.yarnpkg.com/babel-plugin-dynamic-import-node/-/babel-plugin-dynamic-import-node-2.3.3.tgz#84fda19c976ec5c6defef57f9427b3def66e17a3"
    integrity sha512-jZVI+s9Zg3IqA/kdi0i6UDCybUI3aSBLnglhYbSSjKlV7yF1F/5LWv8MakQmvYpnbJDS6fcBL2KzHSxNCMtWSQ==
    dependencies:
      object.assign "^4.1.0"
  
  babel-plugin-polyfill-corejs2@^0.2.2:
    version "0.2.3"
    resolved "https://registry.yarnpkg.com/babel-plugin-polyfill-corejs2/-/babel-plugin-polyfill-corejs2-0.2.3.tgz#6ed8e30981b062f8fe6aca8873a37ebcc8cc1c0f"
    integrity sha512-NDZ0auNRzmAfE1oDDPW2JhzIMXUk+FFe2ICejmt5T4ocKgiQx3e0VCRx9NCAidcMtL2RUZaWtXnmjTCkx0tcbA==
    dependencies:
      "@babel/compat-data" "^7.13.11"
      "@babel/helper-define-polyfill-provider" "^0.2.4"
      semver "^6.1.1"
  
  babel-plugin-polyfill-corejs3@^0.2.2:
    version "0.2.5"
    resolved "https://registry.yarnpkg.com/babel-plugin-polyfill-corejs3/-/babel-plugin-polyfill-corejs3-0.2.5.tgz#2779846a16a1652244ae268b1e906ada107faf92"
    integrity sha512-ninF5MQNwAX9Z7c9ED+H2pGt1mXdP4TqzlHKyPIYmJIYz0N+++uwdM7RnJukklhzJ54Q84vA4ZJkgs7lu5vqcw==
    dependencies:
      "@babel/helper-define-polyfill-provider" "^0.2.2"
      core-js-compat "^3.16.2"
  
  babel-plugin-polyfill-regenerator@^0.2.2:
    version "0.2.3"
    resolved "https://registry.yarnpkg.com/babel-plugin-polyfill-regenerator/-/babel-plugin-polyfill-regenerator-0.2.3.tgz#2e9808f5027c4336c994992b48a4262580cb8d6d"
    integrity sha512-JVE78oRZPKFIeUqFGrSORNzQnrDwZR16oiWeGM8ZyjBn2XAT5OjP+wXx5ESuo33nUsFUEJYjtklnsKbxW5L+7g==
    dependencies:
      "@babel/helper-define-polyfill-provider" "^0.2.4"
  
  babel-plugin-transform-proxy-compat@0.22.4:
    version "0.22.4"
    resolved "https://registry.yarnpkg.com/babel-plugin-transform-proxy-compat/-/babel-plugin-transform-proxy-compat-0.22.4.tgz#f9ec13d8860dcadffcebe4197ae0543b5b5140b5"
    integrity sha512-R7GxNCPTiLfUSPMS9Ggp5oM8SsCBiZNbxI43+at9lj9zXYWCqv89GvOyk7CYvq594LzsrLDJ5iMlvP5sAdK7nw==
    dependencies:
      "@babel/types" "7.16.8"
  
  babel-preset-compat@~0.22.1:
    version "0.22.4"
    resolved "https://registry.yarnpkg.com/babel-preset-compat/-/babel-preset-compat-0.22.4.tgz#5141fc67f74df1b0c7fb75c32a05803fdc41a435"
    integrity sha512-d0m1nouKFcTSmPTVs9hXwEB2vTHKdLSG0tMoEMa4bv2xSKGwATqUwrB5xSqZ2dAUl6nlpt8qXShkJ6G0diDp+Q==
    dependencies:
      "@babel/plugin-proposal-class-properties" "7.14.5"
      "@babel/plugin-proposal-object-rest-spread" "7.14.7"
      "@babel/plugin-transform-arrow-functions" "7.14.5"
      "@babel/plugin-transform-async-to-generator" "7.14.5"
      "@babel/plugin-transform-block-scoped-functions" "7.14.5"
      "@babel/plugin-transform-block-scoping" "7.15.3"
      "@babel/plugin-transform-classes" "7.15.4"
      "@babel/plugin-transform-computed-properties" "7.14.5"
      "@babel/plugin-transform-destructuring" "7.14.7"
      "@babel/plugin-transform-duplicate-keys" "7.14.5"
      "@babel/plugin-transform-exponentiation-operator" "7.14.5"
      "@babel/plugin-transform-for-of" "7.15.4"
      "@babel/plugin-transform-function-name" "7.14.5"
      "@babel/plugin-transform-instanceof" "7.14.5"
      "@babel/plugin-transform-literals" "7.14.5"
      "@babel/plugin-transform-modules-amd" "7.14.5"
      "@babel/plugin-transform-modules-commonjs" "7.15.4"
      "@babel/plugin-transform-modules-systemjs" "7.15.4"
      "@babel/plugin-transform-modules-umd" "7.14.5"
      "@babel/plugin-transform-object-super" "7.14.5"
      "@babel/plugin-transform-parameters" "7.15.4"
      "@babel/plugin-transform-regenerator" "7.14.5"
      "@babel/plugin-transform-runtime" "7.15.0"
      "@babel/plugin-transform-shorthand-properties" "7.14.5"
      "@babel/plugin-transform-spread" "7.14.6"
      "@babel/plugin-transform-sticky-regex" "7.14.5"
      "@babel/plugin-transform-template-literals" "7.14.5"
      "@babel/plugin-transform-typeof-symbol" "7.14.5"
      "@babel/plugin-transform-unicode-regex" "7.14.5"
      babel-plugin-transform-proxy-compat "0.22.4"
  
  browserslist@^4.21.3, browserslist@^4.21.4:
    version "4.21.4"
    resolved "https://registry.yarnpkg.com/browserslist/-/browserslist-4.21.4.tgz#e7496bbc67b9e39dd0f98565feccdcb0d4ff6987"
    integrity sha512-CBHJJdDmgjl3daYjN5Cp5kbTf1mUhZoS+beLklHIvkOWscs83YAhLlF3Wsh/lciQYAcbBJgTOD44VtG31ZM4Hw==
    dependencies:
      caniuse-lite "^1.0.30001400"
      electron-to-chromium "^1.4.251"
      node-releases "^2.0.6"
      update-browserslist-db "^1.0.9"
  
  buffer-from@^1.0.0:
    version "1.1.2"
    resolved "https://registry.yarnpkg.com/buffer-from/-/buffer-from-1.1.2.tgz#2b146a6fd72e80b4f55d255f35ed59a3a9a41bd5"
    integrity sha512-E+XQCRwSbaaiChtv6k6Dwgc+bx+Bs6vuKJHHl5kox/BaKbhiXzqQOwK4cO22yElGp2OCmjwVhT3HmxgyPGnJfQ==
  
  call-bind@^1.0.2:
    version "1.0.2"
    resolved "https://registry.yarnpkg.com/call-bind/-/call-bind-1.0.2.tgz#b1d4e89e688119c3c9a903ad30abb2f6a919be3c"
    integrity sha512-7O+FbCihrB5WGbFYesctwmTKae6rOiIzmz1icreWJ+0aA7LJfuqhEso2T9ncpcFtzMQtzXf2QGGueWJGTYsqrA==
    dependencies:
      function-bind "^1.1.1"
      get-intrinsic "^1.0.2"
  
  caniuse-lite@^1.0.30001400:
    version "1.0.30001436"
    resolved "https://registry.yarnpkg.com/caniuse-lite/-/caniuse-lite-1.0.30001436.tgz#22d7cbdbbbb60cdc4ca1030ccd6dea9f5de4848b"
    integrity sha512-ZmWkKsnC2ifEPoWUvSAIGyOYwT+keAaaWPHiQ9DfMqS1t6tfuyFYoWR78TeZtznkEQ64+vGXH9cZrElwR2Mrxg==
  
  chalk@^2.0.0:
    version "2.4.2"
    resolved "https://registry.yarnpkg.com/chalk/-/chalk-2.4.2.tgz#cd42541677a54333cf541a49108c1432b44c9424"
    integrity sha512-Mti+f9lpJNcwF4tWV8/OrTTtF1gZi+f8FqlyAdouralcFWFQWF2+NgCHShjkCb+IFBLq9buZwE1xckQU4peSuQ==
    dependencies:
      ansi-styles "^3.2.1"
      escape-string-regexp "^1.0.5"
      supports-color "^5.3.0"
  
  color-convert@^1.9.0:
    version "1.9.3"
    resolved "https://registry.yarnpkg.com/color-convert/-/color-convert-1.9.3.tgz#bb71850690e1f136567de629d2d5471deda4c1e8"
    integrity sha512-QfAUtd+vFdAtFQcC8CCyYt1fYWxSqAiK2cSD6zDB8N3cpsEBAvRxp9zOGg6G/SHHJYAT88/az/IuDGALsNVbGg==
    dependencies:
      color-name "1.1.3"
  
  color-name@1.1.3:
    version "1.1.3"
    resolved "https://registry.yarnpkg.com/color-name/-/color-name-1.1.3.tgz#a7d0558bd89c42f795dd42328f740831ca53bc25"
    integrity sha512-72fSenhMw2HZMTVHeCA9KCmpEIbzWiQsjN+BHcBbS9vr1mtt+vJjPdksIBNUmKAW8TFUDPJK5SUU3QhE9NEXDw==
  
  colorette@^1.2.2:
    version "1.4.0"
    resolved "https://registry.yarnpkg.com/colorette/-/colorette-1.4.0.tgz#5190fbb87276259a86ad700bff2c6d6faa3fca40"
    integrity sha512-Y2oEozpomLn7Q3HFP7dpww7AtMJplbM9lGZP6RDfHqmbeRjiwRg4n6VM6j4KLmRke85uWEI7JqF17f3pqdRA0g==
  
  commander@^2.20.0:
    version "2.20.3"
    resolved "https://registry.yarnpkg.com/commander/-/commander-2.20.3.tgz#fd485e84c03eb4881c20722ba48035e8531aeb33"
    integrity sha512-GpVkmM8vF2vQUkj2LvZmD35JxeJOLCwJ9cUkugyk2nuhbv3+mJvpLYYt+0+USMxE+oj+ey/lJEnhZw75x/OMcQ==
  
  convert-source-map@^1.7.0:
    version "1.9.0"
    resolved "https://registry.yarnpkg.com/convert-source-map/-/convert-source-map-1.9.0.tgz#7faae62353fb4213366d0ca98358d22e8368b05f"
    integrity sha512-ASFBup0Mz1uyiIjANan1jzLQami9z1PoYSZCiiYW2FczPbenXc45FZdBZLzOT+r6+iciuEModtmCti+hjaAk0A==
  
  core-js-compat@^3.16.2:
    version "3.26.1"
    resolved "https://registry.yarnpkg.com/core-js-compat/-/core-js-compat-3.26.1.tgz#0e710b09ebf689d719545ac36e49041850f943df"
    integrity sha512-622/KzTudvXCDLRw70iHW4KKs1aGpcRcowGWyYJr2DEBfRrd6hNJybxSWJFuZYD4ma86xhrwDDHxmDaIq4EA8A==
    dependencies:
      browserslist "^4.21.4"
  
  cssesc@^3.0.0:
    version "3.0.0"
    resolved "https://registry.yarnpkg.com/cssesc/-/cssesc-3.0.0.tgz#37741919903b868565e1c09ea747445cd18983ee"
    integrity sha512-/Tb/JcjK111nNScGob5MNtsntNM1aCNUDipB/TkwZFhyDrrE47SOx/18wF2bbjgc3ZzCSKW1T5nt5EbFoAz/Vg==
  
  debug@^4.1.0, debug@^4.1.1:
    version "4.3.4"
    resolved "https://registry.yarnpkg.com/debug/-/debug-4.3.4.tgz#1319f6579357f2338d3337d2cdd4914bb5dcc865"
    integrity sha512-PRWFHuSU3eDtQJPvnNY7Jcket1j0t5OuOsFzPPzsekD52Zl8qUfFIPEiswXqIvHWGVHOgX+7G/vCNNhehwxfkQ==
    dependencies:
      ms "2.1.2"
  
  define-properties@^1.1.4:
    version "1.1.4"
    resolved "https://registry.yarnpkg.com/define-properties/-/define-properties-1.1.4.tgz#0b14d7bd7fbeb2f3572c3a7eda80ea5d57fb05b1"
    integrity sha512-uckOqKcfaVvtBdsVkdPv3XjveQJsNQqmhXgRi8uhvWWuPYZCNlzT8qAyblUgNoXdHdjMTzAqeGjAoli8f+bzPA==
    dependencies:
      has-property-descriptors "^1.0.0"
      object-keys "^1.1.1"
  
  electron-to-chromium@^1.4.251:
    version "1.4.284"
    resolved "https://registry.yarnpkg.com/electron-to-chromium/-/electron-to-chromium-1.4.284.tgz#61046d1e4cab3a25238f6bf7413795270f125592"
    integrity sha512-M8WEXFuKXMYMVr45fo8mq0wUrrJHheiKZf6BArTKk9ZBYCKJEOU5H8cdWgDT+qCVZf7Na4lVUaZsA+h6uA9+PA==
  
  escalade@^3.1.1:
    version "3.1.1"
    resolved "https://registry.yarnpkg.com/escalade/-/escalade-3.1.1.tgz#d8cfdc7000965c5a0174b4a82eaa5c0552742e40"
    integrity sha512-k0er2gUkLf8O0zKJiAhmkTnJlTvINGv7ygDNPbeIsX/TJjGJZHuh9B2UxbsaEkmlEo9MfhrSzmhIlhRlI2GXnw==
  
  escape-string-regexp@^1.0.5:
    version "1.0.5"
    resolved "https://registry.yarnpkg.com/escape-string-regexp/-/escape-string-regexp-1.0.5.tgz#1b61c0562190a8dff6ae3bb2cf0200ca130b86d4"
    integrity sha512-vbRorB5FUQWvla16U8R/qgaFIya2qGzwDrNmCZuYKrbdSUMG6I1ZCGQRefkRVhuOkIGVne7BQ35DSfo1qvJqFg==
  
  estree-walker@^1.0.1:
    version "1.0.1"
    resolved "https://registry.yarnpkg.com/estree-walker/-/estree-walker-1.0.1.tgz#31bc5d612c96b704106b477e6dd5d8aa138cb700"
    integrity sha512-1fMXF3YP4pZZVozF8j/ZLfvnR8NSIljt56UhbZ5PeeDmmGHpgpdwQt7ITlGvYaQukCvuBRMLEiKiYC+oeIg4cg==
  
  estree-walker@^2.0.2, estree-walker@~2.0.2:
    version "2.0.2"
    resolved "https://registry.yarnpkg.com/estree-walker/-/estree-walker-2.0.2.tgz#52f010178c2a4c117a7757cfe942adb7d2da4cac"
    integrity sha512-Rfkk/Mp/DL7JVje3u18FxFujQlTNR2q6QfMSMB7AvCBx91NGj/ba3kCfza0f6dVDbw7YlRf/nDrn7pQrCCyQ/w==
  
  esutils@~2.0.3:
    version "2.0.3"
    resolved "https://registry.yarnpkg.com/esutils/-/esutils-2.0.3.tgz#74d2eb4de0b8da1293711910d50775b9b710ef64"
    integrity sha512-kVscqXk4OCp68SZ0dkgEKVi6/8ij300KBWTJq32P/dYeWTSwK41WyTxalN1eRmA5Z9UU/LX9D7FWSmV9SAYx6g==
  
  fsevents@~2.3.1, fsevents@~2.3.2:
    version "2.3.2"
    resolved "https://registry.yarnpkg.com/fsevents/-/fsevents-2.3.2.tgz#8a526f78b8fdf4623b709e0b975c52c24c02fd1a"
    integrity sha512-xiqMQR4xAeHTuB9uWm+fFRcIOgKBMiOBP+eXiyT7jsgVCq1bkVygt00oASowB7EdtpOHaaPgKt812P9ab+DDKA==
  
  function-bind@^1.1.1:
    version "1.1.1"
    resolved "https://registry.yarnpkg.com/function-bind/-/function-bind-1.1.1.tgz#a56899d3ea3c9bab874bb9773b7c5ede92f4895d"
    integrity sha512-yIovAzMX49sF8Yl58fSCWJ5svSLuaibPxXQJFLmBObTuCr0Mf1KiPopGM9NiFjiYBCbfaa2Fh6breQ6ANVTI0A==
  
  gensync@^1.0.0-beta.1:
    version "1.0.0-beta.2"
    resolved "https://registry.yarnpkg.com/gensync/-/gensync-1.0.0-beta.2.tgz#32a6ee76c3d7f52d46b2b1ae5d93fea8580a25e0"
    integrity sha512-3hN7NaskYvMDLQY55gnW3NQ+mesEAepTqlg+VEbj7zzqEMBVNhzcGYYeqFo/TlYz6eQiFcp1HcsCZO+nGgS8zg==
  
  get-intrinsic@^1.0.2, get-intrinsic@^1.1.1:
    version "1.1.3"
    resolved "https://registry.yarnpkg.com/get-intrinsic/-/get-intrinsic-1.1.3.tgz#063c84329ad93e83893c7f4f243ef63ffa351385"
    integrity sha512-QJVz1Tj7MS099PevUG5jvnt9tSkXN8K14dxQlikJuPt4uD9hHAHjLyLBiLR5zELelBdD9QNRAXZzsJx0WaDL9A==
    dependencies:
      function-bind "^1.1.1"
      has "^1.0.3"
      has-symbols "^1.0.3"
  
  globals@^11.1.0:
    version "11.12.0"
    resolved "https://registry.yarnpkg.com/globals/-/globals-11.12.0.tgz#ab8795338868a0babd8525758018c2a7eb95c42e"
    integrity sha512-WOBp/EEGUiIsJSp7wcv/y6MO+lV9UoncWqxuFfm8eBwzWNgyfBd6Gz+IeKQ9jCmyhoH99g15M3T+QaVHFjizVA==
  
  has-flag@^3.0.0:
    version "3.0.0"
    resolved "https://registry.yarnpkg.com/has-flag/-/has-flag-3.0.0.tgz#b5d454dc2199ae225699f3467e5a07f3b955bafd"
    integrity sha512-sKJf1+ceQBr4SMkvQnBDNDtf4TXpVhVGateu0t918bl30FnbE2m4vNLX+VWe/dpjlb+HugGYzW7uQXH98HPEYw==
  
  has-property-descriptors@^1.0.0:
    version "1.0.0"
    resolved "https://registry.yarnpkg.com/has-property-descriptors/-/has-property-descriptors-1.0.0.tgz#610708600606d36961ed04c196193b6a607fa861"
    integrity sha512-62DVLZGoiEBDHQyqG4w9xCuZ7eJEwNmJRWw2VY84Oedb7WFcA27fiEVe8oUQx9hAUJ4ekurquucTGwsyO1XGdQ==
    dependencies:
      get-intrinsic "^1.1.1"
  
  has-symbols@^1.0.3:
    version "1.0.3"
    resolved "https://registry.yarnpkg.com/has-symbols/-/has-symbols-1.0.3.tgz#bb7b2c4349251dce87b125f7bdf874aa7c8b39f8"
    integrity sha512-l3LCuF6MgDNwTDKkdYGEihYjt5pRPbEg46rtlmnSPlUbgmB8LOIrKJbYYFBSbnPaJexMKtiPO8hmeRjRz2Td+A==
  
  has@^1.0.3:
    version "1.0.3"
    resolved "https://registry.yarnpkg.com/has/-/has-1.0.3.tgz#722d7cbfc1f6aa8241f16dd814e011e1f41e8796"
    integrity sha512-f2dvO0VU6Oej7RkWJGrehjbzMAjFp5/VKPp5tTpWIV4JHHZK1/BxbFRtf/siA2SWTe09caDmVtYYzWEIbBS4zw==
    dependencies:
      function-bind "^1.1.1"
  
  he@~1.2.0:
    version "1.2.0"
    resolved "https://registry.yarnpkg.com/he/-/he-1.2.0.tgz#84ae65fa7eafb165fddb61566ae14baf05664f0f"
    integrity sha512-F/1DnUGPopORZi0ni+CvrCgHQ5FyEAHRLSApuYWMmrbSwoN2Mn/7k+Gl38gJnR7yyDZk6WLXwiGod1JOWNDKGw==
  
  is-core-module@^2.9.0:
    version "2.11.0"
    resolved "https://registry.yarnpkg.com/is-core-module/-/is-core-module-2.11.0.tgz#ad4cb3e3863e814523c96f3f58d26cc570ff0144"
    integrity sha512-RRjxlvLDkD1YJwDbroBHMb+cukurkDWNyHx7D3oNB5x9rb5ogcksMC5wHCadcXoo67gVr/+3GFySh3134zi6rw==
    dependencies:
      has "^1.0.3"
  
  isarray@1.0.0, isarray@^1.0.0:
    version "1.0.0"
    resolved "https://registry.yarnpkg.com/isarray/-/isarray-1.0.0.tgz#bb935d48582cba168c06834957a54a3e07124f11"
    integrity sha512-VLghIWNM6ELQzo7zwmcg0NmTVyWKYjvIeM83yjp0wRDTmUnrM678fQbcKBo6n2CJEF0szoG//ytg+TKla89ALQ==
  
  isobject@^2.0.0:
    version "2.1.0"
    resolved "https://registry.yarnpkg.com/isobject/-/isobject-2.1.0.tgz#f065561096a3f1da2ef46272f815c840d87e0c89"
    integrity sha512-+OUdGJlgjOBZDfxnDjYYG6zp487z0JGNQq3cYQYg5f5hKR+syHMsaztzGeml/4kGG55CSpKSpWTY+jYGgsHLgA==
    dependencies:
      isarray "1.0.0"
  
  js-tokens@^4.0.0:
    version "4.0.0"
    resolved "https://registry.yarnpkg.com/js-tokens/-/js-tokens-4.0.0.tgz#19203fb59991df98e3a287050d4647cdeaf32499"
    integrity sha512-RdJUflcE3cUzKiMqQgsCu06FPu9UdIJO0beYbPhHN4k6apgJtifcoCtT9bcxOpYBtpD2kCM6Sbzg4CausW/PKQ==
  
  jsesc@^2.5.1:
    version "2.5.2"
    resolved "https://registry.yarnpkg.com/jsesc/-/jsesc-2.5.2.tgz#80564d2e483dacf6e8ef209650a67df3f0c283a4"
    integrity sha512-OYu7XEzjkCQ3C5Ps3QIZsQfNpqoJyZZA99wd9aWd05NCtC5pWOkShK2mkL6HXQR6/Cy2lbNdPlZBpuQHXE63gA==
  
  jsesc@~0.5.0:
    version "0.5.0"
    resolved "https://registry.yarnpkg.com/jsesc/-/jsesc-0.5.0.tgz#e7dee66e35d6fc16f710fe91d5cf69f70f08911d"
    integrity sha512-uZz5UnB7u4T9LvwmFqXii7pZSouaRPorGs5who1Ip7VO0wxanFvBL7GkM6dTHlgX+jhBApRetaWpnDabOeTcnA==
  
  json5@^2.1.2:
    version "2.2.1"
    resolved "https://registry.yarnpkg.com/json5/-/json5-2.2.1.tgz#655d50ed1e6f95ad1a3caababd2b0efda10b395c"
    integrity sha512-1hqLFMSrGHRHxav9q9gNjJ5EXznIxGVO09xQRrwplcS8qs28pZ8s8hupZAmqDwZUmVZ2Qb2jnyPOWcDH8m8dlA==
  
  line-column@~1.0.2:
    version "1.0.2"
    resolved "https://registry.yarnpkg.com/line-column/-/line-column-1.0.2.tgz#d25af2936b6f4849172b312e4792d1d987bc34a2"
    integrity sha512-Ktrjk5noGYlHsVnYWh62FLVs4hTb8A3e+vucNZMgPeAOITdshMSgv4cCZQeRDjm7+goqmo6+liZwTXo+U3sVww==
    dependencies:
      isarray "^1.0.0"
      isobject "^2.0.0"
  
  lodash.debounce@^4.0.8:
    version "4.0.8"
    resolved "https://registry.yarnpkg.com/lodash.debounce/-/lodash.debounce-4.0.8.tgz#82d79bff30a67c4005ffd5e2515300ad9ca4d7af"
    integrity sha512-FT1yDzDYEoYWhnSGnpE/4Kj1fLZkDFyqRb7fNt6FdYOSxlUWAtp42Eh6Wb0rGIv/m9Bgo7x4GhQbm5Ys4SG5ow==
  
  lodash@^4.17.19:
    version "4.17.21"
    resolved "https://registry.yarnpkg.com/lodash/-/lodash-4.17.21.tgz#679591c564c3bffaae8454cf0b3df370c3d6911c"
    integrity sha512-v2kDEe57lecTulaDIuNTPy3Ry4gLGJ6Z1O3vE1krgXZNrsQ+LFTGHVxVjcXPs17LhbZVGedAJv8XZ1tvj5FvSg==
  
  magic-string@^0.25.7:
    version "0.25.9"
    resolved "https://registry.yarnpkg.com/magic-string/-/magic-string-0.25.9.tgz#de7f9faf91ef8a1c91d02c2e5314c8277dbcdd1c"
    integrity sha512-RmF0AsMzgt25qzqqLc1+MbHmhdx0ojF2Fvs4XnOqz2ZOBXzzkEwc/dJQZCYHAn7v1jbVOjAZfK8msRn4BxO4VQ==
    dependencies:
      sourcemap-codec "^1.4.8"
  
  ms@2.1.2:
    version "2.1.2"
    resolved "https://registry.yarnpkg.com/ms/-/ms-2.1.2.tgz#d09d1f357b443f493382a8eb3ccd183872ae6009"
    integrity sha512-sGkPx+VjMtmA6MX27oA4FBFELFCZZ4S4XqeGOXCv68tT+jb3vk/RyaKWP0PTKyWtmLSM0b+adUTEvbs1PEaH2w==
  
  nanoid@^3.1.23:
    version "3.3.4"
    resolved "https://registry.yarnpkg.com/nanoid/-/nanoid-3.3.4.tgz#730b67e3cd09e2deacf03c027c81c9d9dbc5e8ab"
    integrity sha512-MqBkQh/OHTS2egovRtLk45wEyNXwF+cokD+1YPf9u5VfJiRdAiRwB2froX5Co9Rh20xs4siNPm8naNotSD6RBw==
  
  node-releases@^2.0.6:
    version "2.0.6"
    resolved "https://registry.yarnpkg.com/node-releases/-/node-releases-2.0.6.tgz#8a7088c63a55e493845683ebf3c828d8c51c5503"
    integrity sha512-PiVXnNuFm5+iYkLBNeq5211hvO38y63T0i2KKh2KnUs3RpzJ+JtODFjkD8yjLwnDkTYF1eKXheUwdssR+NRZdg==
  
  object-keys@^1.1.1:
    version "1.1.1"
    resolved "https://registry.yarnpkg.com/object-keys/-/object-keys-1.1.1.tgz#1c47f272df277f3b1daf061677d9c82e2322c60e"
    integrity sha512-NuAESUOUMrlIXOfHKzD6bpPu3tYt3xvjNdRIQ+FeT0lNb4K8WR70CaDxhuNguS2XG+GjkyMwOzsN5ZktImfhLA==
  
  object.assign@^4.1.0:
    version "4.1.4"
    resolved "https://registry.yarnpkg.com/object.assign/-/object.assign-4.1.4.tgz#9673c7c7c351ab8c4d0b516f4343ebf4dfb7799f"
    integrity sha512-1mxKf0e58bvyjSCtKYY4sRe9itRk3PJpquJOjeIkz885CczcI4IvJJDLPS72oowuSh+pBxUFROpX+TU++hxhZQ==
    dependencies:
      call-bind "^1.0.2"
      define-properties "^1.1.4"
      has-symbols "^1.0.3"
      object-keys "^1.1.1"
  
  parse5-with-errors@~4.0.4:
    version "4.0.4"
    resolved "https://registry.yarnpkg.com/parse5-with-errors/-/parse5-with-errors-4.0.4.tgz#a35685d770994e50427364ba1804397860f71077"
    integrity sha512-c9o3ucuboCcWfnfhMaOwUbj6ymACsKviD3P0K6ry0iETUK3nmasCncmFhBeyuRaLK4+aIEg4e0UXX3qdV7Byww==
    dependencies:
      "@types/node" "^6.0.46"
  
  path-parse@^1.0.7:
    version "1.0.7"
    resolved "https://registry.yarnpkg.com/path-parse/-/path-parse-1.0.7.tgz#fbc114b60ca42b30d9daf5858e4bd68bbedb6735"
    integrity sha512-LDJzPVEEEPR+y48z93A0Ed0yXb8pAByGWo/k5YYdYgpY2/2EsOsksJrq7lOHxryrVOn1ejG6oAp8ahvOIQD8sw==
  
  picocolors@^1.0.0:
    version "1.0.0"
    resolved "https://registry.yarnpkg.com/picocolors/-/picocolors-1.0.0.tgz#cb5bdc74ff3f51892236eaf79d68bc44564ab81c"
    integrity sha512-1fygroTLlHu66zi26VoTDv8yRgm0Fccecssto+MhsZ0D/DGW2sm8E8AjW7NU5VVTRt5GxbeZ5qBuJr+HyLYkjQ==
  
  picomatch@^2.2.2, picomatch@^2.3.1:
    version "2.3.1"
    resolved "https://registry.yarnpkg.com/picomatch/-/picomatch-2.3.1.tgz#3ba3833733646d9d3e4995946c1365a67fb07a42"
    integrity sha512-JU3teHTNjmE2VCGFzuY8EXzCDVwEqB2a8fsIvwaStHhAWJEeVd1o1QD80CU6+ZdEXXSLbSsuLwJjkCBWqRQUVA==
  
  postcss-selector-parser@~6.0.4:
    version "6.0.11"
    resolved "https://registry.yarnpkg.com/postcss-selector-parser/-/postcss-selector-parser-6.0.11.tgz#2e41dc39b7ad74046e1615185185cd0b17d0c8dc"
    integrity sha512-zbARubNdogI9j7WY4nQJBiNqQf3sLS3wCP4WfOidu+p28LofJqDH1tcXypGrcmMHhDk2t9wGhCsYe/+szLTy1g==
    dependencies:
      cssesc "^3.0.0"
      util-deprecate "^1.0.2"
  
  postcss-value-parser@~4.1.0:
    version "4.1.0"
    resolved "https://registry.yarnpkg.com/postcss-value-parser/-/postcss-value-parser-4.1.0.tgz#443f6a20ced6481a2bda4fa8532a6e55d789a2cb"
    integrity sha512-97DXOFbQJhk71ne5/Mt6cOu6yxsSfM0QGQyl0L25Gca4yGWEGJaig7l7gbCX623VqTBNGLRLaVUCnNkcedlRSQ==
  
  postcss@~8.2.7:
    version "8.2.15"
    resolved "https://registry.yarnpkg.com/postcss/-/postcss-8.2.15.tgz#9e66ccf07292817d226fc315cbbf9bc148fbca65"
    integrity sha512-2zO3b26eJD/8rb106Qu2o7Qgg52ND5HPjcyQiK2B98O388h43A448LCslC0dI2P97wCAQRJsFvwTRcXxTKds+Q==
    dependencies:
      colorette "^1.2.2"
      nanoid "^3.1.23"
      source-map "^0.6.1"
  
  regenerate-unicode-properties@^10.1.0:
    version "10.1.0"
    resolved "https://registry.yarnpkg.com/regenerate-unicode-properties/-/regenerate-unicode-properties-10.1.0.tgz#7c3192cab6dd24e21cb4461e5ddd7dd24fa8374c"
    integrity sha512-d1VudCLoIGitcU/hEg2QqvyGZQmdC0Lf8BqdOMXGFSvJP4bNV1+XqbPQeHHLD51Jh4QJJ225dlIFvY4Ly6MXmQ==
    dependencies:
      regenerate "^1.4.2"
  
  regenerate@^1.4.2:
    version "1.4.2"
    resolved "https://registry.yarnpkg.com/regenerate/-/regenerate-1.4.2.tgz#b9346d8827e8f5a32f7ba29637d398b69014848a"
    integrity sha512-zrceR/XhGYU/d/opr2EKO7aRHUeiBI8qjtfHqADTwZd6Szfy16la6kqD0MIUs5z5hx6AaKa+PixpPrR289+I0A==
  
  regenerator-runtime@^0.13.11:
    version "0.13.11"
    resolved "https://registry.yarnpkg.com/regenerator-runtime/-/regenerator-runtime-0.13.11.tgz#f6dca3e7ceec20590d07ada785636a90cdca17f9"
    integrity sha512-kY1AZVr2Ra+t+piVaJ4gxaFaReZVH40AKNo7UCX6W+dEwBo/2oZJzqfuN1qLq1oL45o56cPaTXELwrTh8Fpggg==
  
  regenerator-transform@^0.14.2:
    version "0.14.5"
    resolved "https://registry.yarnpkg.com/regenerator-transform/-/regenerator-transform-0.14.5.tgz#c98da154683671c9c4dcb16ece736517e1b7feb4"
    integrity sha512-eOf6vka5IO151Jfsw2NO9WpGX58W6wWmefK3I1zEGr0lOD0u8rwPaNqQL1aRxUaxLeKO3ArNh3VYg1KbaD+FFw==
    dependencies:
      "@babel/runtime" "^7.8.4"
  
  regexpu-core@^5.2.1:
    version "5.2.2"
    resolved "https://registry.yarnpkg.com/regexpu-core/-/regexpu-core-5.2.2.tgz#3e4e5d12103b64748711c3aad69934d7718e75fc"
    integrity sha512-T0+1Zp2wjF/juXMrMxHxidqGYn8U4R+zleSJhX9tQ1PUsS8a9UtYfbsF9LdiVgNX3kiX8RNaKM42nfSgvFJjmw==
    dependencies:
      regenerate "^1.4.2"
      regenerate-unicode-properties "^10.1.0"
      regjsgen "^0.7.1"
      regjsparser "^0.9.1"
      unicode-match-property-ecmascript "^2.0.0"
      unicode-match-property-value-ecmascript "^2.1.0"
  
  regjsgen@^0.7.1:
    version "0.7.1"
    resolved "https://registry.yarnpkg.com/regjsgen/-/regjsgen-0.7.1.tgz#ee5ef30e18d3f09b7c369b76e7c2373ed25546f6"
    integrity sha512-RAt+8H2ZEzHeYWxZ3H2z6tF18zyyOnlcdaafLrm21Bguj7uZy6ULibiAFdXEtKQY4Sy7wDTwDiOazasMLc4KPA==
  
  regjsparser@^0.9.1:
    version "0.9.1"
    resolved "https://registry.yarnpkg.com/regjsparser/-/regjsparser-0.9.1.tgz#272d05aa10c7c1f67095b1ff0addae8442fc5709"
    integrity sha512-dQUtn90WanSNl+7mQKcXAgZxvUe7Z0SqXlgzv0za4LwiUhyzBC58yQO3liFoUgu8GiJVInAhJjkj1N0EtQ5nkQ==
    dependencies:
      jsesc "~0.5.0"
  
  resolve@^1.14.2, resolve@^1.3.2, resolve@~1.22.1:
    version "1.22.1"
    resolved "https://registry.yarnpkg.com/resolve/-/resolve-1.22.1.tgz#27cb2ebb53f91abb49470a928bba7558066ac177"
    integrity sha512-nBpuuYuY5jFsli/JIs1oldw6fOQCBioohqWZg/2hiaOybXOft4lonv85uDOKXdf8rhyK159cxU5cDcK/NKk8zw==
    dependencies:
      is-core-module "^2.9.0"
      path-parse "^1.0.7"
      supports-preserve-symlinks-flag "^1.0.0"
  
  rollup@^2.79.0:
    version "2.79.1"
    resolved "https://registry.yarnpkg.com/rollup/-/rollup-2.79.1.tgz#bedee8faef7c9f93a2647ac0108748f497f081c7"
    integrity sha512-uKxbd0IhMZOhjAiD5oAFp7BqvkA4Dv47qpOCtaNvng4HBwdbWtdOh8f5nZNuk2rp51PMGk3bzfWu5oayNEuYnw==
    optionalDependencies:
      fsevents "~2.3.2"
  
  rollup@~2.38.3:
    version "2.38.5"
    resolved "https://registry.yarnpkg.com/rollup/-/rollup-2.38.5.tgz#be41ad4fe0c103a8794377afceb5f22b8f603d6a"
    integrity sha512-VoWt8DysFGDVRGWuHTqZzT02J0ASgjVq/hPs9QcBOGMd7B+jfTr/iqMVEyOi901rE3xq+Deq66GzIT1yt7sGwQ==
    optionalDependencies:
      fsevents "~2.3.1"
  
  semver@^5.4.1:
    version "5.7.1"
    resolved "https://registry.yarnpkg.com/semver/-/semver-5.7.1.tgz#a954f931aeba508d307bbf069eff0c01c96116f7"
    integrity sha512-sauaDf/PZdVgrLTNYHRtpXa1iRiKcaebiKQ1BJdpQlWH2lCvexQdX55snPFyK7QzpudqbCI0qXFfOasHdyNDGQ==
  
  semver@^6.1.1, semver@^6.1.2, semver@^6.3.0:
    version "6.3.0"
    resolved "https://registry.yarnpkg.com/semver/-/semver-6.3.0.tgz#ee0a64c8af5e8ceea67687b133761e1becbd1d3d"
    integrity sha512-b39TBaTSfV6yBrapU89p5fKekE2m/NwnDocOVruQFS1/veMgdzuPcnOM34M6CwxW8jH/lxEa5rBoDeUwu5HHTw==
  
  source-map-support@~0.5.19:
    version "0.5.21"
    resolved "https://registry.yarnpkg.com/source-map-support/-/source-map-support-0.5.21.tgz#04fe7c7f9e1ed2d662233c28cb2b35b9f63f6e4f"
    integrity sha512-uBHU3L3czsIyYXKX88fdrGovxdSCoTGDRZ6SYXtSRxLZUzHg5P/66Ht6uoUlHu9EZod+inXhKo3qQgwXUT/y1w==
    dependencies:
      buffer-from "^1.0.0"
      source-map "^0.6.0"
  
  source-map@^0.5.0:
    version "0.5.7"
    resolved "https://registry.yarnpkg.com/source-map/-/source-map-0.5.7.tgz#8a039d2d1021d22d1ea14c80d8ea468ba2ef3fcc"
    integrity sha512-LbrmJOMUSdEVxIKvdcJzQC+nQhe8FUZQTXQy6+I75skNgn3OoQ0DZA8YnFa7gp8tqtL3KPf1kmo0R5DoApeSGQ==
  
  source-map@^0.6.0, source-map@^0.6.1:
    version "0.6.1"
    resolved "https://registry.yarnpkg.com/source-map/-/source-map-0.6.1.tgz#74722af32e9614e9c287a8d0bbde48b5e2f1a263"
    integrity sha512-UjgapumWlbMhkBgzT7Ykc5YXUT46F0iKu8SGXq0bcwP5dz/h0Plj6enJqjz1Zbq2l5WaqYnrVbwWOWMyF3F47g==
  
  source-map@~0.7.2:
    version "0.7.4"
    resolved "https://registry.yarnpkg.com/source-map/-/source-map-0.7.4.tgz#a9bbe705c9d8846f4e08ff6765acf0f1b0898656"
    integrity sha512-l3BikUxvPOcn5E74dZiq5BGsTb5yEwhaTSzccU6t4sDOH8NWJCstKO5QT2CvtFoK6F0saL7p9xHAqHOlCPJygA==
  
  sourcemap-codec@^1.4.8:
    version "1.4.8"
    resolved "https://registry.yarnpkg.com/sourcemap-codec/-/sourcemap-codec-1.4.8.tgz#ea804bd94857402e6992d05a38ef1ae35a9ab4c4"
    integrity sha512-9NykojV5Uih4lgo5So5dtw+f0JgJX30KCNI8gwhz2J9A15wD0Ml6tjHKwf6fTSa6fAdVBdZeNOs9eJ71qCk8vA==
  
  supports-color@^5.3.0:
    version "5.5.0"
    resolved "https://registry.yarnpkg.com/supports-color/-/supports-color-5.5.0.tgz#e2e69a44ac8772f78a1ec0b35b689df6530efc8f"
    integrity sha512-QjVjwdXIt408MIiAqCX4oUKsgU2EqAGzs2Ppkm4aQYbjm+ZEWEcW4SfFNTr4uMNZma0ey4f5lgLrkB0aX0QMow==
    dependencies:
      has-flag "^3.0.0"
  
  supports-preserve-symlinks-flag@^1.0.0:
    version "1.0.0"
    resolved "https://registry.yarnpkg.com/supports-preserve-symlinks-flag/-/supports-preserve-symlinks-flag-1.0.0.tgz#6eda4bd344a3c94aea376d4cc31bc77311039e09"
    integrity sha512-ot0WnXS9fgdkgIcePe6RHNk1WA8+muPa6cSjeR3V8K27q9BB1rTE3R1p7Hv0z1ZyAc8s6Vvv8DIyWf681MAt0w==
  
  terser@~5.6.0:
    version "5.6.1"
    resolved "https://registry.yarnpkg.com/terser/-/terser-5.6.1.tgz#a48eeac5300c0a09b36854bf90d9c26fb201973c"
    integrity sha512-yv9YLFQQ+3ZqgWCUk+pvNJwgUTdlIxUk1WTN+RnaFJe2L7ipG2csPT0ra2XRm7Cs8cxN7QXmK1rFzEwYEQkzXw==
    dependencies:
      commander "^2.20.0"
      source-map "~0.7.2"
      source-map-support "~0.5.19"
  
  to-fast-properties@^2.0.0:
    version "2.0.0"
    resolved "https://registry.yarnpkg.com/to-fast-properties/-/to-fast-properties-2.0.0.tgz#dc5e698cbd079265bc73e0377681a4e4e83f616e"
    integrity sha512-/OaKK0xYrs3DmxRYqL/yDc+FxFUVYhDlXMhRmv3z915w2HF1tnN1omB354j8VUGO/hbRzyD6Y3sA7v7GS/ceog==
  
  unicode-canonical-property-names-ecmascript@^2.0.0:
    version "2.0.0"
    resolved "https://registry.yarnpkg.com/unicode-canonical-property-names-ecmascript/-/unicode-canonical-property-names-ecmascript-2.0.0.tgz#301acdc525631670d39f6146e0e77ff6bbdebddc"
    integrity sha512-yY5PpDlfVIU5+y/BSCxAJRBIS1Zc2dDG3Ujq+sR0U+JjUevW2JhocOF+soROYDSaAezOzOKuyyixhD6mBknSmQ==
  
  unicode-match-property-ecmascript@^2.0.0:
    version "2.0.0"
    resolved "https://registry.yarnpkg.com/unicode-match-property-ecmascript/-/unicode-match-property-ecmascript-2.0.0.tgz#54fd16e0ecb167cf04cf1f756bdcc92eba7976c3"
    integrity sha512-5kaZCrbp5mmbz5ulBkDkbY0SsPOjKqVS35VpL9ulMPfSl0J0Xsm+9Evphv9CoIZFwre7aJoa94AY6seMKGVN5Q==
    dependencies:
      unicode-canonical-property-names-ecmascript "^2.0.0"
      unicode-property-aliases-ecmascript "^2.0.0"
  
  unicode-match-property-value-ecmascript@^2.1.0:
    version "2.1.0"
    resolved "https://registry.yarnpkg.com/unicode-match-property-value-ecmascript/-/unicode-match-property-value-ecmascript-2.1.0.tgz#cb5fffdcd16a05124f5a4b0bf7c3770208acbbe0"
    integrity sha512-qxkjQt6qjg/mYscYMC0XKRn3Rh0wFPlfxB0xkt9CfyTvpX1Ra0+rAmdX2QyAobptSEvuy4RtpPRui6XkV+8wjA==
  
  unicode-property-aliases-ecmascript@^2.0.0:
    version "2.1.0"
    resolved "https://registry.yarnpkg.com/unicode-property-aliases-ecmascript/-/unicode-property-aliases-ecmascript-2.1.0.tgz#43d41e3be698bd493ef911077c9b131f827e8ccd"
    integrity sha512-6t3foTQI9qne+OZoVQB/8x8rk2k1eVy1gRXhV3oFQ5T6R1dqQ1xtin3XqSlx3+ATBkliTaR/hHyJBm+LVPNM8w==
  
  update-browserslist-db@^1.0.9:
    version "1.0.10"
    resolved "https://registry.yarnpkg.com/update-browserslist-db/-/update-browserslist-db-1.0.10.tgz#0f54b876545726f17d00cd9a2561e6dade943ff3"
    integrity sha512-OztqDenkfFkbSG+tRxBeAnCVPckDBcvibKd35yDONx6OU8N7sqgwc7rCbkJ/WcYtVRZ4ba68d6byhC21GFh7sQ==
    dependencies:
      escalade "^3.1.1"
      picocolors "^1.0.0"
  
  util-deprecate@^1.0.2:
    version "1.0.2"
    resolved "https://registry.yarnpkg.com/util-deprecate/-/util-deprecate-1.0.2.tgz#450d4dc9fa70de732762fbd2d4a28981419a0ccf"
    integrity sha512-EPD5q1uXyFxJpCrLnCc1nHnq3gOa6DZBocAIiI2TaSCA7VCJ1UJDMagCzIkXNsUYfD1daK//LTEQ8xiIbrHtcw==
